<?xml version="1.0" encoding="utf-8"?><testsuites name="pytest tests"><testsuite name="pytest" errors="0" failures="0" skipped="0" tests="654" time="147.824" timestamp="2026-09-16T13:10:33.036826+08:00" hostname="LAPTOP-257FNSVV"><testcase classname="tests.test_advanced_campaign" name="test_cluster_e3_symmetry_and_exact_kinetics_jacobian_contract" time="0.704" /><testcase classname="tests.test_campaign_models" name="test_eight_ode_solution_against_exact_first_order_release[Radau]" time="0.057" /><testcase classname="tests.test_campaign_models" name="test_eight_ode_solution_against_exact_first_order_release[BDF]" time="0.031" /><testcase classname="tests.test_campaign_models" name="test_eyring_molecularity_and_reversible_detailed_balance" time="0.001" /><testcase classname="tests.test_campaign_models" name="test_eyring_rejects_invalid_physical_input[-1-400-1]" time="0.001" /><testcase classname="tests.test_campaign_models" name="test_eyring_rejects_invalid_physical_input[12-0-1]" time="0.002" /><testcase classname="tests.test_campaign_models" name="test_eyring_rejects_invalid_physical_input[12-400-0]" time="0.001" /><testcase classname="tests.test_campaign_models" name="test_eyring_rejects_invalid_physical_input[nan-400-1]" time="0.001" /><testcase classname="tests.test_campaign_models" name="test_finite_time_drc_matches_analytical_sensitivity" time="0.028" /><testcase classname="tests.test_campaign_models" name="test_zero_flux_drc_is_undefined" time="0.008" /><testcase classname="tests.test_campaign_models" name="test_invalid_network_cannot_destroy_catalyst_or_fragments" time="0.001" /><testcase classname="tests.test_campaign_models" name="test_base_spectator_scales_both_forward_and_backward_fluxes" time="0.001" /><testcase classname="tests.test_campaign_models" name="test_empty_computed_campaign_is_gated_not_filled" time="0.001" /><testcase classname="tests.test_campaign_models" name="test_computed_record_rejects_test_data_even_with_matching_hash" time="0.005" /><testcase classname="tests.test_campaign_models" name="test_missing_hash_and_unaccepted_ts_are_rejected" time="0.009" /><testcase classname="tests.test_campaign_models" name="test_empty_surrogate_data_returns_insufficient_data_without_sklearn" time="0.003" /><testcase classname="tests.test_campaign_models" name="test_pareto_refuses_analytical_tof_and_inconsistent_conditions" time="0.011" /><testcase classname="tests.test_campaign_models" name="test_grouped_cv_algorithm_on_explicit_analytical_unit_cases" time="4.855" /><testcase classname="tests.test_campaign_models" name="test_loadings_are_mol_percent_relative_to_alcohol" time="0.001" /><testcase classname="tests.test_campaign_models" name="test_all_six_steps_and_two_species_shuttle_keep_composition_and_detailed_balance" time="0.012" /><testcase classname="tests.test_campaign_models" name="test_model_rates_have_zero_net_flux_at_thermodynamic_equilibrium" time="0.003" /><testcase classname="tests.test_campaign_models" name="test_computed_channel_cannot_drop_water_while_preserving_fragment_balances" time="0.003" /><testcase classname="tests.test_campaign_models" name="test_snapshot_rejects_missing_or_inconsistent_reaction_evidence[missing_step]" time="0.001" /><testcase classname="tests.test_campaign_models" name="test_snapshot_rejects_missing_or_inconsistent_reaction_evidence[mixed_solvent]" time="0.001" /><testcase classname="tests.test_campaign_models" name="test_snapshot_rejects_missing_or_inconsistent_reaction_evidence[wrong_charge]" time="0.001" /><testcase classname="tests.test_campaign_models" name="test_snapshot_rejects_missing_or_inconsistent_reaction_evidence[missing_shuttle_atom]" time="0.001" /><testcase classname="tests.test_campaign_models" name="test_base_inputs_require_explicit_path_and_shuttle_reference" time="0.001" /><testcase classname="tests.test_campaign_models" name="test_condition_grid_records_total_and_free_base_separately" time="0.123" /><testcase classname="tests.test_campaign_models" name="test_declaring_computed_model_without_snapshot_cannot_bypass_gate" time="0.001" /><testcase classname="tests.test_campaign_models" name="test_pareto_rejects_different_free_base_or_incorrect_declared_temperature" time="0.176" /><testcase classname="tests.test_campaign_models" name="test_matching_artifact_hash_does_not_replace_identity_or_solvent_review" time="0.008" /><testcase classname="tests.test_campaign_models" name="test_surrogate_rejects_an_incomplete_stoichiometric_reactant_reference" time="0.001" /><testcase classname="tests.test_campaign_models" name="test_surrogate_does_not_mix_bound_complex_and_separated_reference_labels" time="0.001" /><testcase classname="tests.test_campaign_models" name="test_drc_perturbs_forward_and_reverse_rates_by_the_same_factor" time="0.028" /><testcase classname="tests.test_campaign_resume" name="test_resume_cannot_mix_gas_and_toluene_energy_records[None-toluene]" time="0.015" /><testcase classname="tests.test_campaign_resume" name="test_resume_cannot_mix_gas_and_toluene_energy_records[toluene-None]" time="0.008" /><testcase classname="tests.test_campaign_resume" name="test_resume_requires_all_fixed_protocol_fields[method-GFN1-xTB]" time="0.001" /><testcase classname="tests.test_campaign_resume" name="test_resume_requires_all_fixed_protocol_fields[solvation_state-bar1mol]" time="0.001" /><testcase classname="tests.test_campaign_resume" name="test_resume_requires_all_fixed_protocol_fields[electronic_temperature_K-1000.0]" time="0.001" /><testcase classname="tests.test_campaign_resume" name="test_resume_requires_all_fixed_protocol_fields[method-None]" time="0.001" /><testcase classname="tests.test_campaign_resume" name="test_resume_requires_an_existing_complete_control[None]" time="0.005" /><testcase classname="tests.test_campaign_resume" name="test_resume_requires_an_existing_complete_control[{}]" time="0.010" /><testcase classname="tests.test_campaign_resume" name="test_same_protocol_resource_changes_preserve_original_deadline" time="0.026" /><testcase classname="tests.test_condensation_search" name="test_covalent_identity_requires_graph_and_carbon_nitrogen_metric" time="0.002" /><testcase classname="tests.test_condensation_search" name="test_reaction_coordinate_gradient_matches_independent_central_differences" time="0.002" /><testcase classname="tests.test_condensation_search" name="test_mode_sign_is_arbitrary_but_transverse_motion_is_rejected" time="0.001" /><testcase classname="tests.test_condensation_search" name="test_invalid_mode_cannot_be_certified[mode0]" time="0.001" /><testcase classname="tests.test_condensation_search" name="test_invalid_mode_cannot_be_certified[mode1]" time="0.001" /><testcase classname="tests.test_deploy" name="test_campaign_data_and_explicit_message_are_published" time="11.664" /><testcase classname="tests.test_deploy" name="test_failed_tests_never_stage_commit_or_push" time="3.984" /><testcase classname="tests.test_deploy" name="test_successful_gate_pushes_and_second_run_is_idempotent" time="13.998" /><testcase classname="tests.test_deploy" name="test_staged_outside_project_is_not_committed" time="6.298" /><testcase classname="tests.test_deploy" name="test_wrong_branch_stops_before_test_gate" time="2.514" /><testcase classname="tests.test_deploy" name="test_phase3_failed_evidence_benchmark_cannot_publish" time="3.095" /><testcase classname="tests.test_deploy" name="test_phase3_benchmark_precedes_tests_and_verified_push" time="9.379" /><testcase classname="tests.test_free_energy" name="test_independent_mode_equations_and_reduced_inertia" time="0.001" /><testcase classname="tests.test_free_energy" name="test_full_entropy_and_enthalpy_preserved" time="0.010" /><testcase classname="tests.test_free_energy" name="test_exact_concentration_shift_and_pressure_scaling" time="0.001" /><testcase classname="tests.test_free_energy" name="test_entropy_stability_extreme_modes_and_grimme_low_frequency_limit" time="0.001" /><testcase classname="tests.test_free_energy" name="test_invalid_inputs_fail_explicitly[kwargs0]" time="0.001" /><testcase classname="tests.test_free_energy" name="test_invalid_inputs_fail_explicitly[kwargs1]" time="0.001" /><testcase classname="tests.test_free_energy" name="test_invalid_inputs_fail_explicitly[kwargs2]" time="0.002" /><testcase classname="tests.test_free_energy" name="test_invalid_inputs_fail_explicitly[kwargs3]" time="0.001" /><testcase classname="tests.test_free_energy" name="test_invalid_inputs_fail_explicitly[kwargs4]" time="0.001" /><testcase classname="tests.test_free_energy" name="test_invalid_inputs_fail_explicitly[kwargs5]" time="0.001" /><testcase classname="tests.test_free_energy" name="test_invalid_inputs_fail_explicitly[kwargs6]" time="0.002" /><testcase classname="tests.test_free_energy" name="test_invalid_inputs_fail_explicitly[kwargs7]" time="0.001" /><testcase classname="tests.test_free_energy" name="test_invalid_inputs_fail_explicitly[kwargs8]" time="0.001" /><testcase classname="tests.test_free_energy" name="test_invalid_inputs_fail_explicitly[kwargs9]" time="0.001" /><testcase classname="tests.test_free_energy" name="test_imaginary_and_zero_modes_require_deliberate_policy" time="0.001" /><testcase classname="tests.test_free_energy" name="test_result_schema_rejects_nonfinite_data" time="0.002" /><testcase classname="tests.test_free_energy" name="test_gaussian_direct_parse" time="0.011" /><testcase classname="tests.test_free_energy" name="test_orca_reconstructs_harmonic_entropy_without_double_correction" time="0.012" /><testcase classname="tests.test_free_energy" name="test_orca_missing_entropy_components_and_unidentified_zeros_rejected" time="0.008" /><testcase classname="tests.test_free_energy" name="test_truncated_termination_and_incomplete_final_jobs[gaussian_output-.log- Normal termination of Gaussian]" time="0.009" /><testcase classname="tests.test_free_energy" name="test_truncated_termination_and_incomplete_final_jobs[orca_output-.out- ****ORCA TERMINATED NORMALLY]" time="0.009" /><testcase classname="tests.test_free_energy" name="test_gaussian_multijob_selection_never_mixes_records" time="0.011" /><testcase classname="tests.test_free_energy" name="test_temperature_mismatch_and_fortran_exponents" time="0.007" /><testcase classname="tests.test_free_energy" name="test_orca_multiple_temperature_tables_are_not_silently_combined" time="0.005" /><testcase classname="tests.test_free_energy" name="test_source_mode_filtering_is_not_silently_mixed" time="0.006" /><testcase classname="tests.test_free_energy" name="test_gaussian_printed_vibrational_entropy_checks_scaling" time="0.005" /><testcase classname="tests.test_free_energy" name="test_incomplete_preceding_job_cannot_supply_final_job_thermochemistry" time="0.004" /><testcase classname="tests.test_free_energy" name="test_gaussian_damaged_mode_tokens_are_not_skipped[******]" time="0.004" /><testcase classname="tests.test_free_energy" name="test_gaussian_damaged_mode_tokens_are_not_skipped[68.2D+]" time="0.004" /><testcase classname="tests.test_free_energy" name="test_gaussian_damaged_mode_tokens_are_not_skipped[NaN]" time="0.004" /><testcase classname="tests.test_free_energy" name="test_gaussian_damaged_mode_tokens_are_not_skipped[inf]" time="0.004" /><testcase classname="tests.test_free_energy" name="test_orca_damaged_final_mode_is_not_skipped" time="0.004" /><testcase classname="tests.test_free_energy" name="test_gaussian_empty_frequency_row_is_not_skipped" time="0.006" /><testcase classname="tests.test_generator" name="test_matrix_is_exactly_twenty_four_distinct_designs" time="0.001" /><testcase classname="tests.test_generator" name="test_all_seventy_two_have_finite_nonoverlapping_coordinates" time="11.345" /><testcase classname="tests.test_generator" name="test_state_transformations_conserve_nonhydrogen_atom_inventory" time="0.003" /><testcase classname="tests.test_generator" name="test_formal_graph_charges_and_electron_occupation_parity" time="0.069" /><testcase classname="tests.test_generator" name="test_backbones_have_explicit_n_c_o_proton_sites_and_correct_donors" time="0.011" /><testcase classname="tests.test_generator" name="test_ancillary_sets_are_explicit_and_no_energies_fabricated" time="0.083" /><testcase classname="tests.test_generator" name="test_invalid_identity_and_state_are_rejected" time="0.002" /><testcase classname="tests.test_generator" name="test_seeded_coordinates_are_reproducible" time="0.286" /><testcase classname="tests.test_generator" name="test_torsion_seed_changes_substituent_without_moving_donors" time="0.414" /><testcase classname="tests.test_hpc_bridge" name="test_bundle_portable_and_exact_bytes" time="0.600" /><testcase classname="tests.test_hpc_bridge" name="test_destination_never_overwritten" time="0.114" /><testcase classname="tests.test_hpc_bridge" name="test_path_traversal_rejected[../secret]" time="0.010" /><testcase classname="tests.test_hpc_bridge" name="test_path_traversal_rejected[/etc/passwd]" time="0.009" /><testcase classname="tests.test_hpc_bridge" name="test_path_traversal_rejected[C:/secret]" time="0.008" /><testcase classname="tests.test_hpc_bridge" name="test_path_traversal_rejected[a\\b]" time="0.011" /><testcase classname="tests.test_hpc_bridge" name="test_path_traversal_rejected[./x]" time="0.010" /><testcase classname="tests.test_hpc_bridge" name="test_path_traversal_rejected[a/../b]" time="0.018" /><testcase classname="tests.test_hpc_bridge" name="test_charge_spin_rejection[0-2]" time="0.001" /><testcase classname="tests.test_hpc_bridge" name="test_charge_spin_rejection[True-1]" time="0.001" /><testcase classname="tests.test_hpc_bridge" name="test_charge_spin_rejection[0-0]" time="0.001" /><testcase classname="tests.test_hpc_bridge" name="test_charge_spin_rejection[0-31]" time="0.001" /><testcase classname="tests.test_hpc_bridge" name="test_charge_spin_rejection[50-1]" time="0.001" /><testcase classname="tests.test_hpc_bridge" name="test_resource_oversubscribe_or_invalid_rejected[kwargs0]" time="0.001" /><testcase classname="tests.test_hpc_bridge" name="test_resource_oversubscribe_or_invalid_rejected[kwargs1]" time="0.001" /><testcase classname="tests.test_hpc_bridge" name="test_resource_oversubscribe_or_invalid_rejected[kwargs2]" time="0.001" /><testcase classname="tests.test_hpc_bridge" name="test_resource_oversubscribe_or_invalid_rejected[kwargs3]" time="0.001" /><testcase classname="tests.test_hpc_bridge" name="test_resource_oversubscribe_or_invalid_rejected[kwargs4]" time="0.001" /><testcase classname="tests.test_hpc_bridge" name="test_resource_oversubscribe_or_invalid_rejected[kwargs5]" time="0.001" /><testcase classname="tests.test_hpc_bridge" name="test_invalid_xyz[1\nfixture\nH nan 0 0\n]" time="0.011" /><testcase classname="tests.test_hpc_bridge" name="test_invalid_xyz[1\nfixture\nH inf 0 0\n]" time="0.012" /><testcase classname="tests.test_hpc_bridge" name="test_invalid_xyz[2\nfixture\nH 0 0 0\n]" time="0.014" /><testcase classname="tests.test_hpc_bridge" name="test_invalid_xyz[2\nfixture\nH 0 0 0\nH 0 0 .01\n]" time="0.011" /><testcase classname="tests.test_hpc_bridge" name="test_metadata_mismatch" time="0.017" /><testcase classname="tests.test_hpc_bridge" name="test_nonfinite_duplicate_json" time="0.017" /><testcase classname="tests.test_hpc_bridge" name="test_bundle_tampering" time="0.103" /><testcase classname="tests.test_hpc_bridge" name="test_parser_conservative_fixture" time="0.003" /><testcase classname="tests.test_hpc_bridge" name="test_missing_native_status_unknown[Program Version 6.1.1]" time="0.001" /><testcase classname="tests.test_hpc_bridge" name="test_missing_native_status_unknown[SCF CONVERGED AFTER 17 CYCLES]" time="0.001" /><testcase classname="tests.test_hpc_bridge" name="test_missing_native_status_unknown[FINAL SINGLE POINT ENERGY     -1.123456789]" time="0.001" /><testcase classname="tests.test_hpc_bridge" name="test_missing_native_status_unknown[ORCA TERMINATED NORMALLY]" time="0.001" /><testcase classname="tests.test_hpc_bridge" name="test_missing_s2_unknown" time="0.001" /><testcase classname="tests.test_hpc_bridge" name="test_contaminated_spin_cannot_be_gap_label" time="0.001" /><testcase classname="tests.test_hpc_bridge" name="test_nonfinite_energy_rejected[nan]" time="0.001" /><testcase classname="tests.test_hpc_bridge" name="test_nonfinite_energy_rejected[inf]" time="0.001" /><testcase classname="tests.test_hpc_bridge" name="test_nonfinite_energy_rejected[-Infinity]" time="0.001" /><testcase classname="tests.test_hpc_bridge" name="test_bad_order_failure_and_multiple_jobs_rejected" time="0.001" /><testcase classname="tests.test_hpc_bridge" name="test_software_fixture_never_collected_as_research" time="0.172" /><testcase classname="tests.test_hpc_bridge" name="test_missing_execution_status_rejected" time="0.128" /><testcase classname="tests.test_hpc_bridge" name="test_native_hash_tampering_rejected" time="0.153" /><testcase classname="tests.test_hpc_bridge" name="test_unknown_native_file_rejected" time="0.144" /><testcase classname="tests.test_hpc_bridge" name="test_native_nonzero_exit_preserved" time="0.147" /><testcase classname="tests.test_hpc_bridge" name="test_empty_results_not_called_calculated" time="0.115" /><testcase classname="tests.test_hpc_bridge" name="test_site_values_required" time="0.123" /><testcase classname="tests.test_hpc_bridge" name="test_site_command_no_shell_and_pilot_gate" time="0.183" /><testcase classname="tests.test_hpc_bridge" name="test_allocation_limits" time="0.001" /><testcase classname="tests.test_hpc_bridge" name="test_collect_archive_bytes_without_unlabelled_fixture" time="0.291" /><testcase classname="tests.test_hpc_bridge" name="test_crystal_origin_requires_provenance" time="0.012" /><testcase classname="tests.test_hpc_bridge" name="test_crystal_candidate_never_automatically_certified" time="0.075" /><testcase classname="tests.test_hpc_bridge" name="test_origin_tampering_rejected" time="0.096" /><testcase classname="tests.test_hpc_bridge" name="test_relabelled_fixture_output_still_rejected" time="0.130" /><testcase classname="tests.test_hpc_bridge" name="test_runner_preserves_native_outputs_and_refuses_overwrite" time="0.197" /><testcase classname="tests.test_hpc_bridge" name="test_runner_launch_failure_does_not_claim_execution" time="0.114" /><testcase classname="tests.test_hpc_bridge" name="test_production_skips_pilot_and_binds_review" time="0.364" /><testcase classname="tests.test_master_campaign_review" name="test_completed_negative_search_schema_is_admissible" time="0.006" /><testcase classname="tests.test_master_campaign_review" name="test_existing_empty_receipt_cannot_bypass_required_stage[solvation]" time="0.006" /><testcase classname="tests.test_master_campaign_review" name="test_existing_empty_receipt_cannot_bypass_required_stage[spin]" time="0.010" /><testcase classname="tests.test_master_campaign_review" name="test_existing_empty_receipt_cannot_bypass_required_stage[proton_wire]" time="0.008" /><testcase classname="tests.test_master_campaign_review" name="test_existing_empty_receipt_cannot_bypass_required_stage[egnn]" time="0.005" /><testcase classname="tests.test_master_campaign_review" name="test_existing_empty_receipt_cannot_bypass_required_stage[kinetics_software]" time="0.005" /><testcase classname="tests.test_master_campaign_review" name="test_incomplete_or_contradictory_stage_rejected[cluster_duplicate-nine distinct]" time="0.005" /><testcase classname="tests.test_master_campaign_review" name="test_incomplete_or_contradictory_stage_rejected[thermal_missing-thermochemistry grid]" time="0.005" /><testcase classname="tests.test_master_campaign_review" name="test_incomplete_or_contradictory_stage_rejected[proton_running-completed, recorded]" time="0.004" /><testcase classname="tests.test_master_campaign_review" name="test_incomplete_or_contradictory_stage_rejected[proton_fake_success-success counts]" time="0.004" /><testcase classname="tests.test_master_campaign_review" name="test_incomplete_or_contradictory_stage_rejected[spin_incomplete-54-slot]" time="0.005" /><testcase classname="tests.test_master_campaign_review" name="test_incomplete_or_contradictory_stage_rejected[egnn_unbound_symmetry-checkpoint-bound]" time="0.004" /><testcase classname="tests.test_master_campaign_review" name="test_incomplete_or_contradictory_stage_rejected[software_fake_physical-explicitly nonphysical]" time="0.005" /><testcase classname="tests.test_master_campaign_review" name="test_incomplete_or_contradictory_stage_rejected[software_nan_error-numerical acceptance]" time="0.006" /><testcase classname="tests.test_master_campaign_review" name="test_required_collection_rejects_placeholder_files_before_output" time="0.022" /><testcase classname="tests.test_master_campaign_review" name="test_spin_complete_count_requires_distinct_actual_matrix_slots" time="0.003" /><testcase classname="tests.test_master_campaign_review" name="test_spin_converged_state_cannot_omit_protocol_hash" time="0.004" /><testcase classname="tests.test_master_campaign_review" name="test_empty_multiarchive_is_not_completed_native_evidence" time="0.008" /><testcase classname="tests.test_master_campaign_review" name="test_spin_plot_retains_but_qualifies_failed_screen_gaps" time="0.004" /><testcase classname="tests.test_master_campaign_review" name="test_readiness_rows_use_validated_conditional_speciation_values" time="0.107" /><testcase classname="tests.test_master_campaign_review" name="test_physical_wrapper_passes_campaign_catalog_and_grid" time="0.005" /><testcase classname="tests.test_master_kinetics" name="test_hand_jacobian_matches_central_difference[0]" time="0.003" /><testcase classname="tests.test_master_kinetics" name="test_hand_jacobian_matches_central_difference[1]" time="0.003" /><testcase classname="tests.test_master_kinetics" name="test_hand_jacobian_matches_central_difference[2]" time="0.003" /><testcase classname="tests.test_master_kinetics" name="test_hand_jacobian_matches_central_difference[3]" time="0.004" /><testcase classname="tests.test_master_kinetics" name="test_exact_stoichiometric_invariants_and_dimer_weight" time="0.001" /><testcase classname="tests.test_master_kinetics" name="test_radau_500_points_conserves_inventory[360.0-0.01]" time="0.552" /><testcase classname="tests.test_master_kinetics" name="test_radau_500_points_conserves_inventory[383.15-0.05]" time="0.602" /><testcase classname="tests.test_master_kinetics" name="test_radau_500_points_conserves_inventory[420.0-0.2]" time="0.557" /><testcase classname="tests.test_master_kinetics" name="test_fixture_requires_explicit_opt_in_and_computed_needs_provenance" time="0.002" /><testcase classname="tests.test_master_kinetics" name="test_barrier_perturbation_preserves_forward_reverse_ratio" time="0.001" /><testcase classname="tests.test_master_kinetics" name="test_tangent_control_matches_independent_barrier_perturbations" time="12.351" /><testcase classname="tests.test_master_kinetics" name="test_dimer_only_and_base_depletion_edge_cases" time="0.850" /><testcase classname="tests.test_master_kinetics_review" name="test_computed_rate_constructor_rejects_arbitrary_arrays_and_wrong_temperature" time="0.006" /><testcase classname="tests.test_master_kinetics_review" name="test_computed_ts_perturbation_has_explicit_label_and_source_binding" time="0.010" /><testcase classname="tests.test_master_kinetics_review" name="test_thermochemistry_mapping_cannot_change_after_validation" time="0.002" /><testcase classname="tests.test_master_kinetics_review" name="test_every_transition_state_is_required[alcohol_coordination]" time="0.003" /><testcase classname="tests.test_master_kinetics_review" name="test_every_transition_state_is_required[alcohol_h_transfer]" time="0.002" /><testcase classname="tests.test_master_kinetics_review" name="test_every_transition_state_is_required[aldehyde_release]" time="0.002" /><testcase classname="tests.test_master_kinetics_review" name="test_every_transition_state_is_required[imine_coordination]" time="0.002" /><testcase classname="tests.test_master_kinetics_review" name="test_every_transition_state_is_required[imine_hydrogenation]" time="0.002" /><testcase classname="tests.test_master_kinetics_review" name="test_every_transition_state_is_required[product_release]" time="0.002" /><testcase classname="tests.test_master_kinetics_review" name="test_every_transition_state_is_required[hemiaminal_addition]" time="0.002" /><testcase classname="tests.test_master_kinetics_review" name="test_every_transition_state_is_required[direct_dehydration]" time="0.002" /><testcase classname="tests.test_master_kinetics_review" name="test_every_transition_state_is_required[base_assisted_addition]" time="0.002" /><testcase classname="tests.test_master_kinetics_review" name="test_every_transition_state_is_required[base_assisted_dehydration]" time="0.003" /><testcase classname="tests.test_master_kinetics_review" name="test_every_transition_state_is_required[one_alcohol_shuttle]" time="0.002" /><testcase classname="tests.test_master_kinetics_review" name="test_every_transition_state_is_required[two_alcohol_shuttle]" time="0.002" /><testcase classname="tests.test_master_kinetics_review" name="test_every_transition_state_is_required[three_alcohol_shuttle]" time="0.002" /><testcase classname="tests.test_master_kinetics_review" name="test_every_transition_state_is_required[hydrogenated_dimerization]" time="0.002" /><testcase classname="tests.test_master_kinetics_review" name="test_every_transition_state_is_required[decarbonylation]" time="0.002" /><testcase classname="tests.test_master_kinetics_review" name="test_every_transition_state_is_required[bound_alcohol_decarbonylation]" time="0.003" /><testcase classname="tests.test_master_kinetics_review" name="test_every_transition_state_is_required[arm_cleavage]" time="0.003" /><testcase classname="tests.test_master_kinetics_review" name="test_every_transition_state_is_required[bound_alcohol_arm_cleavage]" time="0.003" /><testcase classname="tests.test_master_kinetics_review" name="test_all_parallel_condensation_paths_share_thermodynamic_ratio" time="0.004" /><testcase classname="tests.test_master_kinetics_review" name="test_dimer_four_hydrogens_and_eliminated_fragment_close_atom_charge_ledger" time="0.204" /><testcase classname="tests.test_master_kinetics_review" name="test_invalid_atom_or_charge_ledger_is_rejected[cat_h2]" time="0.002" /><testcase classname="tests.test_master_kinetics_review" name="test_invalid_atom_or_charge_ledger_is_rejected[dimer]" time="0.002" /><testcase classname="tests.test_master_kinetics_review" name="test_invalid_atom_or_charge_ledger_is_rejected[cat_degraded]" time="0.002" /><testcase classname="tests.test_master_kinetics_review" name="test_invalid_atom_or_charge_ledger_is_rejected[free_base]" time="0.002" /><testcase classname="tests.test_master_kinetics_review" name="test_invalid_atom_or_charge_ledger_is_rejected[cleavage_fragment]" time="0.002" /><testcase classname="tests.test_master_kinetics_review" name="test_invalid_atom_or_charge_ledger_is_rejected[tbuoh]" time="0.002" /><testcase classname="tests.test_master_kinetics_review" name="test_single_channel_dimer_matches_closed_form_not_another_ode_solver" time="0.264" /><testcase classname="tests.test_master_kinetics_review" name="test_tangent_rejects_trajectory_from_different_rates_or_reservoir" time="0.316" /><testcase classname="tests.test_master_kinetics_review" name="test_fixture_rejects_nonphysical_temperature[0.0]" time="0.001" /><testcase classname="tests.test_master_kinetics_review" name="test_fixture_rejects_nonphysical_temperature[-1.0]" time="0.002" /><testcase classname="tests.test_master_kinetics_review" name="test_fixture_rejects_nonphysical_temperature[nan]" time="0.001" /><testcase classname="tests.test_master_kinetics_review" name="test_fixture_rejects_nonphysical_temperature[inf]" time="0.002" /><testcase classname="tests.test_master_kinetics_review" name="test_solver_rejects_invalid_tolerances_before_integration[0.0]" time="0.002" /><testcase classname="tests.test_master_kinetics_review" name="test_solver_rejects_invalid_tolerances_before_integration[-1.0]" time="0.002" /><testcase classname="tests.test_master_kinetics_review" name="test_solver_rejects_invalid_tolerances_before_integration[nan]" time="0.002" /><testcase classname="tests.test_master_kinetics_review" name="test_solver_rejects_invalid_tolerances_before_integration[inf]" time="0.001" /><testcase classname="tests.test_master_kinetics_review" name="test_computed_free_energy_adversarial_rejections[changes0]" time="0.007" /><testcase classname="tests.test_master_kinetics_review" name="test_computed_free_energy_adversarial_rejections[changes1]" time="0.008" /><testcase classname="tests.test_master_kinetics_review" name="test_computed_free_energy_adversarial_rejections[changes2]" time="0.007" /><testcase classname="tests.test_master_kinetics_review" name="test_computed_free_energy_adversarial_rejections[changes3]" time="0.007" /><testcase classname="tests.test_master_kinetics_review" name="test_computed_free_energy_adversarial_rejections[changes4]" time="0.007" /><testcase classname="tests.test_master_kinetics_review" name="test_computed_free_energy_adversarial_rejections[changes5]" time="0.007" /><testcase classname="tests.test_master_kinetics_review" name="test_computed_free_energy_adversarial_rejections[changes6]" time="0.007" /><testcase classname="tests.test_master_kinetics_review" name="test_computed_free_energy_adversarial_rejections[changes7]" time="0.007" /><testcase classname="tests.test_master_kinetics_review" name="test_computed_free_energy_adversarial_rejections[changes8]" time="0.006" /><testcase classname="tests.test_master_kinetics_review" name="test_computed_free_energy_adversarial_rejections[changes9]" time="0.007" /><testcase classname="tests.test_master_kinetics_review" name="test_computed_free_energy_adversarial_rejections[changes10]" time="0.008" /><testcase classname="tests.test_master_kinetics_review" name="test_computed_free_energy_adversarial_rejections[changes11]" time="0.007" /><testcase classname="tests.test_master_kinetics_review" name="test_computed_free_energy_adversarial_rejections[changes12]" time="0.007" /><testcase classname="tests.test_master_kinetics_review" name="test_computed_free_energy_adversarial_rejections[changes13]" time="0.008" /><testcase classname="tests.test_master_kinetics_review" name="test_computed_free_energy_adversarial_rejections[changes14]" time="0.008" /><testcase classname="tests.test_master_kinetics_review" name="test_computed_free_energy_adversarial_rejections[changes15]" time="0.007" /><testcase classname="tests.test_master_kinetics_review" name="test_source_modification_after_attestation_is_rejected" time="0.008" /><testcase classname="tests.test_neb" name="test_full_hessian_diatomic_analytic_frequency_and_force_count" time="0.020" /><testcase classname="tests.test_neb" name="test_projection_keeps_every_internal_mode_and_is_rotation_invariant" time="0.040" /><testcase classname="tests.test_neb" name="test_hessian_retains_imaginary_modes_without_absolute_value_conversion" time="0.027" /><testcase classname="tests.test_neb" name="test_full_hessian_restores_positions_after_backend_failure" time="0.002" /><testcase classname="tests.test_neb" name="test_dual_transfer_direction_and_wrong_mode_rejection" time="0.002" /><testcase classname="tests.test_neb" name="test_ase_neb_has_seven_internal_images_and_independent_calculators" time="0.024" /><testcase classname="tests.test_neb" name="test_dimer_requires_true_stationarity" time="0.037" /><testcase classname="tests.test_neb" name="test_nonbracketing_endpoints_fail_without_barrier" time="0.063" /><testcase classname="tests.test_neb" name="test_deadline_failure_is_persisted_and_never_accepted" time="0.018" /><testcase classname="tests.test_neb" name="test_endpoint_mapping_and_fresh_calculators_enforced" time="0.037" /><testcase classname="tests.test_neb" name="test_invalid_protocol_rejected[options0]" time="0.005" /><testcase classname="tests.test_neb" name="test_invalid_protocol_rejected[options1]" time="0.005" /><testcase classname="tests.test_neb" name="test_invalid_protocol_rejected[options2]" time="0.005" /><testcase classname="tests.test_neb" name="test_invalid_protocol_rejected[options3]" time="0.005" /><testcase classname="tests.test_neb" name="test_invalid_protocol_rejected[options4]" time="0.004" /><testcase classname="tests.test_neb" name="test_invalid_protocol_rejected[options5]" time="0.005" /><testcase classname="tests.test_neb" name="test_invalid_protocol_rejected[options6]" time="0.005" /><testcase classname="tests.test_neb" name="test_invalid_protocol_rejected[options7]" time="0.005" /><testcase classname="tests.test_neb" name="test_invalid_protocol_rejected[options8]" time="0.004" /><testcase classname="tests.test_neb" name="test_complete_neb_dimer_hessian_and_descent_on_manufactured_potential" time="0.817" /><testcase classname="tests.test_neb" name="test_restart_uses_saved_frames_fresh_forces_and_full_acceptance" time="0.869" /><testcase classname="tests.test_neb" name="test_restart_rejects_changed_mapping_state_and_endpoints" time="0.009" /><testcase classname="tests.test_neb" name="test_explicit_unconverged_band_guess_keeps_all_independent_saddle_gates" time="0.840" /><testcase classname="tests.test_neb" name="test_explicit_local_image_remains_distinct_from_global_band_peak" time="0.866" /><testcase classname="tests.test_neb" name="test_saved_dimer_candidate_preserves_geometry_and_all_saddle_gates" time="0.885" /><testcase classname="tests.test_neb" name="test_complete_hessian_provider_is_reprojected_and_all_saddle_gates_remain[False]" time="0.720" /><testcase classname="tests.test_neb" name="test_complete_hessian_provider_is_reprojected_and_all_saddle_gates_remain[True]" time="0.402" /><testcase classname="tests.test_neb" name="test_saved_actual_hessian_mode_initializes_dimer_and_retains_all_gates" time="0.900" /><testcase classname="tests.test_phase3_delivery" name="test_all_six_pdfs_are_bound_to_actual_pages_and_final_receipts" time="0.633" /><testcase classname="tests.test_phase3_delivery" name="test_paper_repository_source_remains_pdf_when_figures_are_bound" time="0.179" /><testcase classname="tests.test_phase3_delivery" name="test_embedded_figure_must_match_the_pdf_build_inputs[missing]" time="0.165" /><testcase classname="tests.test_phase3_delivery" name="test_embedded_figure_must_match_the_pdf_build_inputs[changed]" time="0.152" /><testcase classname="tests.test_phase3_delivery" name="test_missing_required_paper_or_plot_cannot_pass[build]" time="0.134" /><testcase classname="tests.test_phase3_delivery" name="test_missing_required_paper_or_plot_cannot_pass[plot_qa]" time="0.127" /><testcase classname="tests.test_phase3_delivery" name="test_missing_required_paper_or_plot_cannot_pass[plot_visual]" time="0.131" /><testcase classname="tests.test_phase3_delivery" name="test_stale_or_incomplete_pdf_evidence_is_rejected[duplicate]" time="0.136" /><testcase classname="tests.test_phase3_delivery" name="test_stale_or_incomplete_pdf_evidence_is_rejected[stale_source]" time="0.145" /><testcase classname="tests.test_phase3_delivery" name="test_stale_or_incomplete_pdf_evidence_is_rejected[stale_plot]" time="0.159" /><testcase classname="tests.test_phase3_delivery" name="test_stale_or_incomplete_pdf_evidence_is_rejected[incomplete_pages]" time="0.151" /><testcase classname="tests.test_phase3_delivery" name="test_stale_or_incomplete_pdf_evidence_is_rejected[unreviewed_plot]" time="0.189" /><testcase classname="tests.test_phase3_delivery" name="test_git_blob_membership_handles_unicode_quotes_and_tabs[sha1]" time="0.018" /><testcase classname="tests.test_phase3_delivery" name="test_git_blob_membership_handles_unicode_quotes_and_tabs[sha256]" time="0.015" /><testcase classname="tests.test_phase3_delivery" name="test_modified_zip_payload_fails_git_blob_verification" time="0.012" /><testcase classname="tests.test_phase3_delivery" name="test_only_markdown_figure_images_are_rewritten" time="0.004" /><testcase classname="tests.test_phase3_delivery" name="test_prior_release_is_rejected_and_unchanged" time="0.017" /><testcase classname="tests.test_phase3_delivery" name="test_source_snapshot_must_cover_every_current_code_file" time="0.021" /><testcase classname="tests.test_phase3_evidence" name="test_every_native_member_version_verified[False]" time="0.018" /><testcase classname="tests.test_phase3_evidence" name="test_every_native_member_version_verified[True]" time="0.043" /><testcase classname="tests.test_phase3_evidence" name="test_corruption_or_ambiguous_provenance_rejected[member_sha]" time="0.043" /><testcase classname="tests.test_phase3_evidence" name="test_corruption_or_ambiguous_provenance_rejected[archive_sha]" time="0.032" /><testcase classname="tests.test_phase3_evidence" name="test_corruption_or_ambiguous_provenance_rejected[duplicate_member]" time="0.025" /><testcase classname="tests.test_phase3_evidence" name="test_corruption_or_ambiguous_provenance_rejected[unknown_archive]" time="0.025" /><testcase classname="tests.test_phase3_evidence" name="test_corruption_or_ambiguous_provenance_rejected[member_count]" time="0.027" /><testcase classname="tests.test_phase3_evidence" name="test_corruption_or_ambiguous_provenance_rejected[extra_member]" time="0.037" /><testcase classname="tests.test_phase3_evidence" name="test_target_mecp_gate_remains_separate_from_vertical_scan[None]" time="0.002" /><testcase classname="tests.test_phase3_evidence" name="test_target_mecp_gate_remains_separate_from_vertical_scan[matrix]" time="0.001" /><testcase classname="tests.test_phase3_evidence" name="test_target_mecp_gate_remains_separate_from_vertical_scan[not_searched]" time="0.001" /><testcase classname="tests.test_phase3_evidence" name="test_target_mecp_gate_remains_separate_from_vertical_scan[invented_minimum]" time="0.001" /><testcase classname="tests.test_phase3_evidence" name="test_target_mecp_gate_remains_separate_from_vertical_scan[pair_count]" time="0.001" /><testcase classname="tests.test_phase3_evidence" name="test_existing_prospective_output_path_is_not_relocated_to_historical_repo" time="0.010" /><testcase classname="tests.test_phase3_mecp_runner" name="test_completed_matrix_can_propose_seed_without_claiming_crossing" time="0.172" /><testcase classname="tests.test_phase3_mecp_runner" name="test_failed_or_tampered_state_produces_zero_call_no_pair_receipt[edit0]" time="0.135" /><testcase classname="tests.test_phase3_mecp_runner" name="test_failed_or_tampered_state_produces_zero_call_no_pair_receipt[edit1]" time="0.182" /><testcase classname="tests.test_phase3_mecp_runner" name="test_failed_or_tampered_state_produces_zero_call_no_pair_receipt[edit2]" time="0.112" /><testcase classname="tests.test_phase3_mecp_runner" name="test_failed_or_tampered_state_produces_zero_call_no_pair_receipt[edit3]" time="0.118" /><testcase classname="tests.test_phase3_mecp_runner" name="test_failed_or_tampered_state_produces_zero_call_no_pair_receipt[edit4]" time="0.114" /><testcase classname="tests.test_phase3_mecp_runner" name="test_failed_or_tampered_state_produces_zero_call_no_pair_receipt[edit5]" time="0.141" /><testcase classname="tests.test_phase3_mecp_runner" name="test_failed_or_tampered_state_produces_zero_call_no_pair_receipt[edit6]" time="0.109" /><testcase classname="tests.test_phase3_mecp_runner" name="test_incomplete_matrix_waits_even_if_recorded_rows_are_eligible" time="0.082" /><testcase classname="tests.test_phase3_mecp_runner" name="test_original_evidence_must_still_match_its_hash[native]" time="0.118" /><testcase classname="tests.test_phase3_mecp_runner" name="test_original_evidence_must_still_match_its_hash[engine]" time="0.102" /><testcase classname="tests.test_phase3_mecp_runner" name="test_original_evidence_must_still_match_its_hash[geometry]" time="0.087" /><testcase classname="tests.test_phase3_mecp_runner" name="test_current_identity_screen_overrides_old_pass_flag" time="0.107" /><testcase classname="tests.test_phase3_mecp_runner" name="test_native_protocol_cannot_be_relabelled_by_changing_row_hashes" time="0.115" /><testcase classname="tests.test_phase3_mecp_runner" name="test_aggregate_pointer_requires_matching_child_hash" time="0.131" /><testcase classname="tests.test_phase3_mecp_runner" name="test_search_and_curvature_share_pair_budget_and_do_not_fake_minimum" time="0.218" /><testcase classname="tests.test_phase3_mecp_runner" name="test_analytic_mock_candidate_requires_real_curvature_calls_in_budget" time="0.571" /><testcase classname="tests.test_phase3_mecp_runner" name="test_new_worker_quality_failure_stops_before_second_state[spin]" time="0.171" /><testcase classname="tests.test_phase3_mecp_runner" name="test_new_worker_quality_failure_stops_before_second_state[protocol]" time="0.170" /><testcase classname="tests.test_phase3_mecp_runner" name="test_new_worker_quality_failure_stops_before_second_state[units]" time="0.182" /><testcase classname="tests.test_phase3_mecp_runner" name="test_nonstationary_optimizer_exhausts_exact_shared_budget" time="0.203" /><testcase classname="tests.test_phase3_mecp_runner" name="test_worker_monitor_terminates_owned_process_on_resource_limit[memory]" time="0.063" /><testcase classname="tests.test_phase3_mecp_runner" name="test_worker_monitor_terminates_owned_process_on_resource_limit[timeout]" time="0.069" /><testcase classname="tests.test_phase3_mecp_runner" name="test_invalid_budgets_reject_before_work[settings0]" time="0.077" /><testcase classname="tests.test_phase3_mecp_runner" name="test_invalid_budgets_reject_before_work[settings1]" time="0.060" /><testcase classname="tests.test_phase3_mecp_runner" name="test_invalid_budgets_reject_before_work[settings2]" time="0.067" /><testcase classname="tests.test_phase3_mecp_runner" name="test_successful_exit_without_memory_observation_is_not_accepted" time="0.062" /><testcase classname="tests.test_phase3_mecp_runner" name="test_historical_windows_data_paths_relocate_without_rewriting_provenance" time="0.251" /><testcase classname="tests.test_phase3_mecp_runner" name="test_existing_literal_evidence_does_not_fall_back_to_a_different_clone_copy" time="0.021" /><testcase classname="tests.test_phase3_mecp_runner" name="test_relocation_rejects_escaping_suffixes[Z:/absent/data/../secret.json]" time="0.009" /><testcase classname="tests.test_phase3_mecp_runner" name="test_relocation_rejects_escaping_suffixes[Z:/absent/data/folder/../../secret.json]" time="0.008" /><testcase classname="tests.test_phase3_mecp_runner" name="test_ambiguous_data_suffixes_are_not_guessed" time="0.019" /><testcase classname="tests.test_phase3_mecp_runner" name="test_missing_nondata_external_paths_are_not_relocated" time="0.012" /><testcase classname="tests.test_phase3_mecp_runner" name="test_runtime_hash_reads_do_not_relocate_even_if_an_environment_is_named_data" time="0.012" /><testcase classname="tests.test_phase3_mecp_runner" name="test_digest_streams_large_inputs_without_read_bytes" time="0.029" /><testcase classname="tests.test_phase3_proton_wire" name="test_actual_source_conserves_all_atom_identities_and_transfers_distinct_protons[2-4.3]" time="0.227" /><testcase classname="tests.test_phase3_proton_wire" name="test_actual_source_conserves_all_atom_identities_and_transfers_distinct_protons[1-5.4]" time="0.223" /><testcase classname="tests.test_phase3_proton_wire" name="test_rejects_ionic_model_before_using_neutral_wire" time="0.006" /><testcase classname="tests.test_phase3_proton_wire" name="test_rejects_corrupted_map_before_preparing_proton_transfers" time="0.018" /><testcase classname="tests.test_phase3_proton_wire_evidence" name="test_all_raw_members_preserved_and_archives_split_below_bound" time="0.138" /><testcase classname="tests.test_phase3_proton_wire_evidence" name="test_corrupted_archive_is_detected_without_touching_raw_evidence" time="0.159" /><testcase classname="tests.test_phase3_proton_wire_evidence" name="test_finalization_is_idempotent_and_does_not_forge_execution_provenance" time="0.191" /><testcase classname="tests.test_phase3_proton_wire_evidence" name="test_output_must_not_be_archived_into_itself" time="0.008" /><testcase classname="tests.test_phase3_proton_wire_evidence" name="test_oversize_single_member_fails_without_a_false_manifest" time="0.069" /><testcase classname="tests.test_phase3_proton_wire_evidence" name="test_driver_finalization_cli_needs_no_xtb_and_uses_custom_directories" time="3.275" /><testcase classname="tests.test_phase4_local_pilot" name="test_existing_evidence_rejected" time="0.015" /><testcase classname="tests.test_phase4_local_pilot" name="test_nested_paths_rejected[False]" time="0.011" /><testcase classname="tests.test_phase4_local_pilot" name="test_nested_paths_rejected[True]" time="0.011" /><testcase classname="tests.test_phase4_local_pilot" name="test_phase3_path_rejected" time="0.008" /><testcase classname="tests.test_phase4_local_pilot" name="test_valid_software_response" time="0.006" /><testcase classname="tests.test_phase4_local_pilot" name="test_wrong_response_identity_protocol_rejected[basis-def2-svp]" time="0.005" /><testcase classname="tests.test_phase4_local_pilot" name="test_wrong_response_identity_protocol_rejected[geometry_sha256-wrong]" time="0.004" /><testcase classname="tests.test_phase4_local_pilot" name="test_wrong_response_identity_protocol_rejected[charge-1]" time="0.005" /><testcase classname="tests.test_phase4_local_pilot" name="test_wrong_response_identity_protocol_rejected[energy_units-eV]" time="0.004" /><testcase classname="tests.test_phase4_local_pilot" name="test_wrong_response_identity_protocol_rejected[scf_e_convergence-1e-06]" time="0.005" /><testcase classname="tests.test_phase4_local_pilot" name="test_wrong_response_identity_protocol_rejected[grid_radial-20]" time="0.005" /><testcase classname="tests.test_phase4_local_pilot" name="test_invalid_worker_state_rejected[scf_converged-False]" time="0.005" /><testcase classname="tests.test_phase4_local_pilot" name="test_invalid_worker_state_rejected[energy_hartree-nan]" time="0.005" /><testcase classname="tests.test_phase4_local_pilot" name="test_invalid_worker_state_rejected[spin_squared-inf]" time="0.007" /><testcase classname="tests.test_phase4_local_pilot" name="test_invalid_worker_state_rejected[expected_spin_squared-2.0]" time="0.005" /><testcase classname="tests.test_phase4_local_pilot" name="test_invalid_worker_state_rejected[reference-uks]" time="0.006" /><testcase classname="tests.test_phase4_local_pilot" name="test_invalid_worker_state_rejected[gradient_hartree_bohr-value5]" time="0.006" /><testcase classname="tests.test_phase4_local_pilot" name="test_contamination_does_not_become_accepted_label" time="0.006" /><testcase classname="tests.test_phase4_local_pilot" name="test_native_archive_retains_binary_and_copies_science" time="0.039" /><testcase classname="tests.test_phase4_local_pilot" name="test_time_limit_never_loosens_scientific_threshold" time="0.005" /><testcase classname="tests.test_phase4_local_pilot" name="test_no_quantum_launch_after_budget" time="0.034" /><testcase classname="tests.test_phase4_local_pilot" name="test_host_memory_gate_preserves_not_started_record" time="0.030" /><testcase classname="tests.test_phase4_local_pilot" name="test_mock_worker_evidence_and_nonchemical_acceptance[False]" time="0.048" /><testcase classname="tests.test_phase4_local_pilot" name="test_mock_worker_evidence_and_nonchemical_acceptance[True]" time="0.047" /><testcase classname="tests.test_physical_model_receipts" name="test_portable_original_bytes_and_500_outputs" time="0.924" /><testcase classname="tests.test_physical_model_receipts" name="test_invalid_inputs_fail_before_any_solver[&lt;lambda&gt;0]" time="0.045" /><testcase classname="tests.test_physical_model_receipts" name="test_invalid_inputs_fail_before_any_solver[&lt;lambda&gt;1]" time="0.048" /><testcase classname="tests.test_physical_model_receipts" name="test_invalid_inputs_fail_before_any_solver[&lt;lambda&gt;2]" time="0.043" /><testcase classname="tests.test_physical_model_receipts" name="test_invalid_inputs_fail_before_any_solver[&lt;lambda&gt;3]" time="0.040" /><testcase classname="tests.test_physical_model_receipts" name="test_invalid_inputs_fail_before_any_solver[&lt;lambda&gt;4]" time="0.043" /><testcase classname="tests.test_physical_model_receipts" name="test_invalid_inputs_fail_before_any_solver[&lt;lambda&gt;5]" time="0.042" /><testcase classname="tests.test_physical_model_receipts" name="test_invalid_inputs_fail_before_any_solver[&lt;lambda&gt;6]" time="0.049" /><testcase classname="tests.test_physical_model_receipts" name="test_invalid_inputs_fail_before_any_solver[&lt;lambda&gt;7]" time="0.049" /><testcase classname="tests.test_physical_model_receipts" name="test_invalid_inputs_fail_before_any_solver[&lt;lambda&gt;8]" time="0.077" /><testcase classname="tests.test_physical_model_receipts" name="test_invalid_inputs_fail_before_any_solver[&lt;lambda&gt;9]" time="0.115" /><testcase classname="tests.test_physical_model_receipts" name="test_invalid_inputs_fail_before_any_solver[&lt;lambda&gt;10]" time="0.110" /><testcase classname="tests.test_physical_model_receipts" name="test_invalid_inputs_fail_before_any_solver[&lt;lambda&gt;11]" time="0.120" /><testcase classname="tests.test_physical_model_receipts" name="test_invalid_inputs_fail_before_any_solver[&lt;lambda&gt;12]" time="0.149" /><testcase classname="tests.test_physical_model_receipts" name="test_invalid_inputs_fail_before_any_solver[&lt;lambda&gt;13]" time="0.130" /><testcase classname="tests.test_physical_model_receipts" name="test_invalid_inputs_fail_before_any_solver[&lt;lambda&gt;14]" time="0.146" /><testcase classname="tests.test_physical_model_receipts" name="test_duplicate_grid_and_invalid_later_entry_do_not_publish" time="0.262" /><testcase classname="tests.test_physical_model_receipts" name="test_prior_ready_receipt_survives_failed_solver" time="1.294" /><testcase classname="tests.test_physical_model_receipts" name="test_collector_rejects_relabelled_rows[catalyst_id-Mn_macho_pnp_Ph]" time="0.941" /><testcase classname="tests.test_physical_model_receipts" name="test_collector_rejects_relabelled_rows[temperature_K-410.0]" time="0.950" /><testcase classname="tests.test_physical_model_receipts" name="test_collector_rejects_relabelled_rows[total_added_base_equiv-0.1]" time="0.921" /><testcase classname="tests.test_physical_model_receipts" name="test_collector_rejects_relabelled_rows[tbuoh_activity-0.999]" time="0.824" /><testcase classname="tests.test_physical_model_receipts" name="test_collector_rejects_relabelled_rows[speciation_assumption-changed]" time="0.906" /><testcase classname="tests.test_physical_model_receipts" name="test_collector_rejects_relabelled_rows[initial_free_base_M-0.05]" time="0.892" /><testcase classname="tests.test_physical_model_receipts" name="test_collector_rejects_relabelled_rows[terminal_TOF_s-1-123.0]" time="0.862" /><testcase classname="tests.test_physical_model_receipts" name="test_collector_rejects_npz_tamper_even_with_updated_selfhash[metadata_json]" time="0.880" /><testcase classname="tests.test_physical_model_receipts" name="test_collector_rejects_npz_tamper_even_with_updated_selfhash[tof_s]" time="0.953" /><testcase classname="tests.test_physical_model_receipts" name="test_collector_rejects_npz_tamper_even_with_updated_selfhash[initial_concentrations_M]" time="0.992" /><testcase classname="tests.test_physical_model_receipts" name="test_collector_rejects_npz_tamper_even_with_updated_selfhash[fluxes_M_s]" time="0.984" /><testcase classname="tests.test_physical_model_receipts" name="test_collector_revalidates_archived_certificate_bytes" time="0.613" /><testcase classname="tests.test_physical_model_receipts" name="test_no_receipt_returns_no_physical_predictions" time="0.054" /><testcase classname="tests.test_pincer_egnn" name="test_so3_scalar_and_se3_coordinate_equivariance_with_o3_parity[1.0]" time="0.043" /><testcase classname="tests.test_pincer_egnn" name="test_so3_scalar_and_se3_coordinate_equivariance_with_o3_parity[-1.0]" time="0.030" /><testcase classname="tests.test_pincer_egnn" name="test_permutation_of_nodes_edges_and_edge_features" time="0.030" /><testcase classname="tests.test_pincer_egnn" name="test_batch_independence_including_empty_graphs_and_graph_permutation" time="0.038" /><testcase classname="tests.test_pincer_egnn" name="test_padding_mask_cannot_change_active_predictions" time="0.043" /><testcase classname="tests.test_pincer_egnn" name="test_empty_graphs_zero_edges_and_coincident_coordinates_are_finite[0-0]" time="0.012" /><testcase classname="tests.test_pincer_egnn" name="test_empty_graphs_zero_edges_and_coincident_coordinates_are_finite[0-3]" time="0.013" /><testcase classname="tests.test_pincer_egnn" name="test_empty_graphs_zero_edges_and_coincident_coordinates_are_finite[1-1]" time="0.044" /><testcase classname="tests.test_pincer_egnn" name="test_empty_graphs_zero_edges_and_coincident_coordinates_are_finite[5-2]" time="0.018" /><testcase classname="tests.test_pincer_egnn" name="test_scalar_coordinate_gradients_are_equivariant" time="0.036" /><testcase classname="tests.test_pincer_egnn" name="test_missing_labels_are_masked_without_nan_or_fabricated_zero_targets" time="0.008" /><testcase classname="tests.test_pincer_egnn" name="test_training_only_normalization_and_family_split_prevent_conformer_leakage" time="0.011" /><testcase classname="tests.test_pincer_egnn" name="test_untrained_heads_and_invalid_edges_are_rejected" time="0.022" /><testcase classname="tests.test_pincer_egnn" name="test_pair_only_training_cannot_be_misrepresented_as_absolute_energy" time="0.042" /><testcase classname="tests.test_pincer_egnn" name="test_source_hash_verification_accepts_only_documented_windows_newline_change" time="0.013" /><testcase classname="tests.test_pincer_egnn" name="test_empty_dataset_produces_explicit_untrained_readiness" time="0.032" /><testcase classname="tests.test_pincer_egnn_review" name="test_valid_evidence_bundle_is_read_only_and_allows_current_source_changes" time="0.096" /><testcase classname="tests.test_pincer_egnn_review" name="test_refresh_rejects_changed_artifacts_before_writing_any_summary[dataset_manifest.json-manifest SHA]" time="0.064" /><testcase classname="tests.test_pincer_egnn_review" name="test_refresh_rejects_changed_artifacts_before_writing_any_summary[structures.jsonl-dataset file SHA]" time="0.064" /><testcase classname="tests.test_pincer_egnn_review" name="test_refresh_rejects_changed_artifacts_before_writing_any_summary[pairs.jsonl-dataset file SHA]" time="0.074" /><testcase classname="tests.test_pincer_egnn_review" name="test_refresh_rejects_changed_artifacts_before_writing_any_summary[runs/fixture/split.json-split SHA]" time="0.068" /><testcase classname="tests.test_pincer_egnn_review" name="test_refresh_rejects_changed_artifacts_before_writing_any_summary[runs/fixture/model.pt-checkpoint SHA]" time="0.074" /><testcase classname="tests.test_pincer_egnn_review" name="test_checkpoint_internal_binding_cannot_be_bypassed_by_updating_outer_hash[dataset_manifest_sha256-different training dataset]" time="0.071" /><testcase classname="tests.test_pincer_egnn_review" name="test_checkpoint_internal_binding_cannot_be_bypassed_by_updating_outer_hash[configuration-configuration]" time="0.091" /><testcase classname="tests.test_pincer_egnn_review" name="test_checkpoint_internal_binding_cannot_be_bypassed_by_updating_outer_hash[normalization_mean-normalization mean]" time="0.071" /><testcase classname="tests.test_pincer_egnn_review" name="test_checkpoint_internal_binding_cannot_be_bypassed_by_updating_outer_hash[trained_heads-trained_heads]" time="0.071" /><testcase classname="tests.test_pincer_egnn_review" name="test_checkpoint_internal_binding_cannot_be_bypassed_by_updating_outer_hash[pair_only_heads-pair_only_heads]" time="0.073" /><testcase classname="tests.test_pincer_egnn_review" name="test_legacy_training_fingerprints_survive_verification_with_new_code" time="0.063" /><testcase classname="tests.test_pincer_egnn_review" name="test_unrelated_prior_summary_cannot_supply_training_source_provenance" time="0.056" /><testcase classname="tests.test_pincer_egnn_review" name="test_new_checkpoint_training_source_attestation_must_match_report" time="0.087" /><testcase classname="tests.test_pincer_egnn_review" name="test_verify_only_cli_never_prepares_data_or_trains" time="0.013" /><testcase classname="tests.test_pincer_egnn_review" name="test_verify_only_cli_propagates_evidence_failure_without_training" time="0.080" /><testcase classname="tests.test_pincer_egnn_review" name="test_prepare_only_and_verify_only_are_mutually_exclusive" time="0.009" /><testcase classname="tests.test_pipeline" name="test_mock_ru_pnp_complete_pipeline" time="0.079" /><testcase classname="tests.test_pipeline" name="test_analytical_oblique_bite_angle" time="0.002" /><testcase classname="tests.test_pipeline" name="test_gaussian_mock_file_to_features" time="0.010" /><testcase classname="tests.test_public_catalyst_import" name="test_preamble_repair_changes_no_scientific_fields" time="0.161" /><testcase classname="tests.test_public_catalyst_import" name="test_unknown_preamble_fails_closed" time="0.001" /><testcase classname="tests.test_public_catalyst_import" name="test_existing_data_header_left_unchanged" time="0.001" /><testcase classname="tests.test_public_catalyst_import" name="test_formula_unknown_syntax_rejected" time="0.009" /><testcase classname="tests.test_public_catalyst_import" name="test_real_cif_occupancy_hydrogens_and_bonds" time="0.138" /><testcase classname="tests.test_public_catalyst_import" name="test_periodic_molecule_unwrapped_without_duplication" time="0.009" /><testcase classname="tests.test_public_catalyst_import" name="test_infinite_periodic_chain_detected" time="0.010" /><testcase classname="tests.test_public_catalyst_import" name="test_substituted_download_rejected_before_output" time="0.011" /><testcase classname="tests.test_public_catalyst_import" name="test_output_never_overwrites" time="0.010" /><testcase classname="tests.test_public_catalyst_import" name="test_complete_real_import_is_candidate_not_solution_or_spin_proof" time="2.319" /><testcase classname="tests.test_quantum_thermo" name="test_native_matrix_units_and_strict_shape" time="0.010" /><testcase classname="tests.test_quantum_thermo" name="test_project_unprojected_hessian_known_linear_bond" time="0.003" /><testcase classname="tests.test_quantum_thermo" name="test_nearly_linear_geometry_uses_identical_projection_and_rrho_rank" time="0.003" /><testcase classname="tests.test_quantum_thermo" name="test_full_rrho_enthalpy_identity_and_explicit_temperature_grid" time="0.026" /><testcase classname="tests.test_quantum_thermo" name="test_translational_rotational_and_electronic_entropy_against_independent_equations" time="0.003" /><testcase classname="tests.test_quantum_thermo" name="test_one_molar_free_energy_pressure_invariance_and_no_double_shift" time="0.005" /><testcase classname="tests.test_quantum_thermo" name="test_ts_imaginary_mode_removed_once_without_silent_mode_selection" time="0.006" /><testcase classname="tests.test_quantum_thermo" name="test_explicit_non_dehydrogenation_ts_window_keeps_exact_negative_count" time="0.004" /><testcase classname="tests.test_quantum_thermo" name="test_invalid_temperature_grids[temperatures0]" time="0.002" /><testcase classname="tests.test_quantum_thermo" name="test_invalid_temperature_grids[temperatures1]" time="0.003" /><testcase classname="tests.test_quantum_thermo" name="test_invalid_temperature_grids[temperatures2]" time="0.002" /><testcase classname="tests.test_quantum_thermo" name="test_invalid_temperature_grids[temperatures3]" time="0.002" /><testcase classname="tests.test_quantum_thermo" name="test_verified_minimum_source_hash_matches_referenced_spectrum" time="0.051" /><testcase classname="tests.test_quantum_thermo" name="test_changed_catalyst_identity_stops_before_hessian_or_thermochemistry" time="0.020" /><testcase classname="tests.test_quantum_thermo" name="test_small_imaginary_modes_remain_rejected_after_exact_bounded_repairs" time="0.161" /><testcase classname="tests.test_quantum_thermo" name="test_native_hessian_requires_full_unscaled_output_confirmation[0-1.0-True]" time="0.041" /><testcase classname="tests.test_quantum_thermo" name="test_native_hessian_requires_full_unscaled_output_confirmation[1-1.0-False]" time="0.022" /><testcase classname="tests.test_quantum_thermo" name="test_native_hessian_requires_full_unscaled_output_confirmation[0-0.95-False]" time="0.025" /><testcase classname="tests.test_reaction_assembly" name="test_complete_atom_mapping_and_electronic_state_are_conserved" time="5.127" /><testcase classname="tests.test_reaction_assembly" name="test_hydrogens_remain_identified_and_bracket_both_transfers" time="0.002" /><testcase classname="tests.test_reaction_assembly" name="test_alcohol_to_aldehyde_carbonyl_geometry_without_clashes" time="0.003" /><testcase classname="tests.test_reaction_assembly" name="test_protonated_reference_cannot_masquerade_as_active_endpoint" time="0.247" /><testcase classname="tests.test_reaction_assembly" name="test_ligand_carbon_hydrogen_migration_is_an_identity_failure" time="0.382" /><testcase classname="tests.test_reaction_assembly" name="test_restart_mode_selection_uses_full_matrix_and_binds_exact_geometry" time="0.032" /><testcase classname="tests.test_solvation_clusters" name="test_directional_graph_mapped_clusters[0-1]" time="0.282" /><testcase classname="tests.test_solvation_clusters" name="test_directional_graph_mapped_clusters[0-2]" time="0.531" /><testcase classname="tests.test_solvation_clusters" name="test_directional_graph_mapped_clusters[0-3]" time="0.824" /><testcase classname="tests.test_solvation_clusters" name="test_directional_graph_mapped_clusters[1-1]" time="0.256" /><testcase classname="tests.test_solvation_clusters" name="test_directional_graph_mapped_clusters[1-2]" time="0.542" /><testcase classname="tests.test_solvation_clusters" name="test_directional_graph_mapped_clusters[1-3]" time="0.873" /><testcase classname="tests.test_solvation_clusters" name="test_directional_graph_mapped_clusters[2-1]" time="0.243" /><testcase classname="tests.test_solvation_clusters" name="test_directional_graph_mapped_clusters[2-2]" time="0.522" /><testcase classname="tests.test_solvation_clusters" name="test_directional_graph_mapped_clusters[2-3]" time="0.934" /><testcase classname="tests.test_solvation_clusters" name="test_seed_reproducibility_and_distinct_orientations" time="1.318" /><testcase classname="tests.test_solvation_clusters" name="test_wrong_graph_identity_rejected" time="0.016" /><testcase classname="tests.test_solvation_clusters" name="test_bounded_solvent_counts[0]" time="0.002" /><testcase classname="tests.test_solvation_clusters" name="test_bounded_solvent_counts[4]" time="0.001" /><testcase classname="tests.test_solvation_clusters" name="test_bounded_solvent_counts[-1]" time="0.001" /><testcase classname="tests.test_solvation_clusters" name="test_bounded_solvent_counts[True]" time="0.001" /><testcase classname="tests.test_solvation_clusters" name="test_bounded_solvent_counts[1.2]" time="0.001" /><testcase classname="tests.test_solvation_clusters" name="test_accidental_overlap_rejected" time="0.002" /><testcase classname="tests.test_solvation_clusters" name="test_hbond_distance_alone_does_not_pass_angle" time="0.002" /><testcase classname="tests.test_solvation_clusters" name="test_association_balances_all_solvent_molecules" time="0.002" /><testcase classname="tests.test_solvation_clusters" name="test_frozen_many_body_recovers_known_nonadditive_term[2]" time="0.002" /><testcase classname="tests.test_solvation_clusters" name="test_frozen_many_body_recovers_known_nonadditive_term[3]" time="0.002" /><testcase classname="tests.test_solvation_clusters" name="test_frozen_many_body_recovers_known_nonadditive_term[4]" time="0.002" /><testcase classname="tests.test_solvation_clusters" name="test_published_native_evidence_matches_balanced_energies" time="0.279" /><testcase classname="tests.test_solvation_sensitivity" name="test_equilibrium_relation_and_stoichiometric_activity_power" time="0.001" /><testcase classname="tests.test_solvation_sensitivity" name="test_invalid_states_rejected[nan-1-383.15-1]" time="0.002" /><testcase classname="tests.test_solvation_sensitivity" name="test_invalid_states_rejected[0-0-383.15-1]" time="0.001" /><testcase classname="tests.test_solvation_sensitivity" name="test_invalid_states_rejected[0-True-383.15-1]" time="0.001" /><testcase classname="tests.test_solvation_sensitivity" name="test_invalid_states_rejected[0-1.5-383.15-1]" time="0.001" /><testcase classname="tests.test_solvation_sensitivity" name="test_invalid_states_rejected[0-1-0-1]" time="0.001" /><testcase classname="tests.test_solvation_sensitivity" name="test_invalid_states_rejected[0-1-383.15-0]" time="0.001" /><testcase classname="tests.test_solvation_sensitivity" name="test_invalid_states_rejected[0-1-383.15-inf]" time="0.001" /><testcase classname="tests.test_solvation_sensitivity" name="test_sources_are_relocated_and_tampering_fails" time="0.019" /><testcase classname="tests.test_solvation_sensitivity" name="test_missing_units_fail_closed" time="0.001" /><testcase classname="tests.test_spin_mecp" name="test_exact_regular_crossing" time="0.008" /><testcase classname="tests.test_spin_mecp" name="test_kkt_step_solves_block_equations" time="0.002" /><testcase classname="tests.test_spin_mecp" name="test_projector_and_lagrange_conditions_agree" time="0.002" /><testcase classname="tests.test_spin_mecp" name="test_penalty_gradient_matches_central_difference" time="0.002" /><testcase classname="tests.test_spin_mecp" name="test_negative_gap_is_not_accepted_on_inequality_alone" time="0.003" /><testcase classname="tests.test_spin_mecp" name="test_unphysical_or_same_state_provider_rejected[False-b]" time="0.002" /><testcase classname="tests.test_spin_mecp" name="test_unphysical_or_same_state_provider_rejected[True-a]" time="0.002" /><testcase classname="tests.test_spin_mecp" name="test_equal_energies_and_gradients_not_a_crossing_certificate" time="0.001" /><testcase classname="tests.test_spin_mecp" name="test_parallel_separated_surfaces_singular" time="0.002" /><testcase classname="tests.test_spin_mecp" name="test_actual_gradient_is_required_to_have_same_shape" time="0.002" /><testcase classname="tests.test_spin_mecp" name="test_backend_failure_remains_failure" time="0.001" /><testcase classname="tests.test_spin_mecp" name="test_budget_is_strict_on_number_of_pairs" time="0.010" /><testcase classname="tests.test_spin_mecp" name="test_damped_bfgs_handles_negative_secant_curvature" time="0.002" /><testcase classname="tests.test_spin_mecp" name="test_crossing_and_trajectory_covariant_under_translation_and_rotation" time="0.007" /><testcase classname="tests.test_spin_mecp" name="test_curved_seam_converges_to_kkt_point" time="0.009" /><testcase classname="tests.test_spin_mecp" name="test_curvature_certificate_separates_minimum_from_saddle" time="0.009" /><testcase classname="tests.test_spin_mecp" name="test_spin_electron_parity_and_identities[0-multiplicities0]" time="0.001" /><testcase classname="tests.test_spin_mecp" name="test_spin_electron_parity_and_identities[0-multiplicities1]" time="0.002" /><testcase classname="tests.test_spin_mecp" name="test_spin_electron_parity_and_identities[0-multiplicities2]" time="0.002" /><testcase classname="tests.test_spin_mecp" name="test_spin_electron_parity_and_identities[False-multiplicities3]" time="0.001" /><testcase classname="tests.test_spin_mecp" name="test_even_and_odd_spin_rules" time="0.002" /><testcase classname="tests.test_spin_mecp" name="test_subprocess_timeout_preserves_launch_evidence" time="0.027" /><testcase classname="tests.test_spin_mecp" name="test_invalid_config[settings0]" time="0.001" /><testcase classname="tests.test_spin_mecp" name="test_invalid_config[settings1]" time="0.001" /><testcase classname="tests.test_spin_mecp" name="test_invalid_config[settings2]" time="0.002" /><testcase classname="tests.test_spin_mecp" name="test_invalid_config[settings3]" time="0.001" /><testcase classname="tests.test_spin_mecp" name="test_spin_cache_requires_raw_hash_and_numeric_agreement" time="0.021" /><testcase classname="tests.test_spin_mecp" name="test_vertical_gaps_require_matched_protocol_and_flag_spin_purity" time="0.034" /><testcase classname="tests.test_spin_mecp_review" name="test_contaminated_or_malformed_supplied_spin_is_not_accepted[2.6614]" time="0.002" /><testcase classname="tests.test_spin_mecp_review" name="test_contaminated_or_malformed_supplied_spin_is_not_accepted[1.8]" time="0.003" /><testcase classname="tests.test_spin_mecp_review" name="test_contaminated_or_malformed_supplied_spin_is_not_accepted[nan]" time="0.002" /><testcase classname="tests.test_spin_mecp_review" name="test_contaminated_or_malformed_supplied_spin_is_not_accepted[inf]" time="0.003" /><testcase classname="tests.test_spin_mecp_review" name="test_contaminated_or_malformed_supplied_spin_is_not_accepted[-1.0]" time="0.002" /><testcase classname="tests.test_spin_mecp_review" name="test_contaminated_or_malformed_supplied_spin_is_not_accepted[s25]" time="0.003" /><testcase classname="tests.test_spin_mecp_review" name="test_spin_screen_is_eligibility_only_and_metadata_free_toys_still_work" time="0.003" /><testcase classname="tests.test_spin_mecp_review" name="test_supplied_failed_quality_never_certifies_a_crossing[pair-quality0]" time="0.002" /><testcase classname="tests.test_spin_mecp_review" name="test_supplied_failed_quality_never_certifies_a_crossing[pair-quality1]" time="0.001" /><testcase classname="tests.test_spin_mecp_review" name="test_supplied_failed_quality_never_certifies_a_crossing[pair-quality2]" time="0.001" /><testcase classname="tests.test_spin_mecp_review" name="test_supplied_failed_quality_never_certifies_a_crossing[pair-quality3]" time="0.003" /><testcase classname="tests.test_spin_mecp_review" name="test_supplied_failed_quality_never_certifies_a_crossing[pair-quality4]" time="0.002" /><testcase classname="tests.test_spin_mecp_review" name="test_supplied_failed_quality_never_certifies_a_crossing[pair-quality5]" time="0.002" /><testcase classname="tests.test_spin_mecp_review" name="test_supplied_failed_quality_never_certifies_a_crossing[pair-quality6]" time="0.002" /><testcase classname="tests.test_spin_mecp_review" name="test_supplied_failed_quality_never_certifies_a_crossing[pair-quality7]" time="0.002" /><testcase classname="tests.test_spin_mecp_review" name="test_supplied_failed_quality_never_certifies_a_crossing[state-quality0]" time="0.001" /><testcase classname="tests.test_spin_mecp_review" name="test_supplied_failed_quality_never_certifies_a_crossing[state-quality1]" time="0.001" /><testcase classname="tests.test_spin_mecp_review" name="test_supplied_failed_quality_never_certifies_a_crossing[state-quality2]" time="0.001" /><testcase classname="tests.test_spin_mecp_review" name="test_supplied_failed_quality_never_certifies_a_crossing[state-quality3]" time="0.002" /><testcase classname="tests.test_spin_mecp_review" name="test_supplied_failed_quality_never_certifies_a_crossing[state-quality4]" time="0.002" /><testcase classname="tests.test_spin_mecp_review" name="test_supplied_failed_quality_never_certifies_a_crossing[state-quality5]" time="0.002" /><testcase classname="tests.test_spin_mecp_review" name="test_supplied_failed_quality_never_certifies_a_crossing[state-quality6]" time="0.001" /><testcase classname="tests.test_spin_mecp_review" name="test_supplied_failed_quality_never_certifies_a_crossing[state-quality7]" time="0.003" /><testcase classname="tests.test_spin_mecp_review" name="test_state_metadata_must_match_returned_state[change0]" time="0.002" /><testcase classname="tests.test_spin_mecp_review" name="test_state_metadata_must_match_returned_state[change1]" time="0.003" /><testcase classname="tests.test_spin_mecp_review" name="test_state_metadata_must_match_returned_state[change2]" time="0.002" /><testcase classname="tests.test_spin_mecp_review" name="test_state_metadata_must_match_returned_state[change3]" time="0.002" /><testcase classname="tests.test_spin_mecp_review" name="test_mismatched_geometry_units_and_pair_provenance_are_rejected[metadata0]" time="0.003" /><testcase classname="tests.test_spin_mecp_review" name="test_mismatched_geometry_units_and_pair_provenance_are_rejected[metadata1]" time="0.002" /><testcase classname="tests.test_spin_mecp_review" name="test_mismatched_geometry_units_and_pair_provenance_are_rejected[metadata2]" time="0.005" /><testcase classname="tests.test_spin_mecp_review" name="test_mismatched_geometry_units_and_pair_provenance_are_rejected[metadata3]" time="0.002" /><testcase classname="tests.test_spin_mecp_review" name="test_mismatched_geometry_units_and_pair_provenance_are_rejected[metadata4]" time="0.001" /><testcase classname="tests.test_spin_mecp_review" name="test_mismatched_geometry_units_and_pair_provenance_are_rejected[metadata5]" time="0.002" /><testcase classname="tests.test_spin_mecp_review" name="test_mismatched_geometry_units_and_pair_provenance_are_rejected[metadata6]" time="0.001" /><testcase classname="tests.test_spin_mecp_review" name="test_mismatched_geometry_units_and_pair_provenance_are_rejected[metadata7]" time="0.002" /><testcase classname="tests.test_spin_mecp_review" name="test_protocol_must_stay_fixed_during_search_and_curvature[basis]" time="0.004" /><testcase classname="tests.test_spin_mecp_review" name="test_protocol_must_stay_fixed_during_search_and_curvature[state]" time="0.003" /><testcase classname="tests.test_spin_mecp_review" name="test_protocol_must_stay_fixed_during_search_and_curvature[metadata_disappears]" time="0.003" /><testcase classname="tests.test_spin_mecp_review" name="test_protocol_must_stay_fixed_during_search_and_curvature[reference]" time="0.004" /><testcase classname="tests.test_spin_mecp_review" name="test_symmetrization_cannot_certify_a_nonconservative_gradient_field" time="0.004" /><testcase classname="tests.test_spin_mecp_review" name="test_curved_constraint_requires_the_lagrangian_not_just_energy_hessian" time="0.007" /><testcase classname="tests.test_spin_mecp_review" name="test_constraint_is_not_lost_against_large_rotation_vectors" time="0.004" /><testcase classname="tests.test_spin_mecp_review" name="test_invalid_certificate_tolerances_fail_before_backend_call[settings0]" time="0.001" /><testcase classname="tests.test_spin_mecp_review" name="test_invalid_certificate_tolerances_fail_before_backend_call[settings1]" time="0.001" /><testcase classname="tests.test_spin_mecp_review" name="test_invalid_certificate_tolerances_fail_before_backend_call[settings2]" time="0.001" /><testcase classname="tests.test_spin_mecp_review" name="test_invalid_certificate_tolerances_fail_before_backend_call[settings3]" time="0.001" /><testcase classname="tests.test_spin_mecp_review" name="test_invalid_certificate_tolerances_fail_before_backend_call[settings4]" time="0.003" /><testcase classname="tests.test_spin_mecp_review" name="test_invalid_certificate_tolerances_fail_before_backend_call[settings5]" time="0.002" /><testcase classname="tests.test_spin_mecp_review" name="test_invalid_certificate_tolerances_fail_before_backend_call[settings6]" time="0.001" /><testcase classname="tests.test_spin_mecp_review" name="test_invalid_curvature_geometry_is_rejected[x0]" time="0.001" /><testcase classname="tests.test_spin_mecp_review" name="test_invalid_curvature_geometry_is_rejected[x1]" time="0.004" /><testcase classname="tests.test_spin_mecp_review" name="test_invalid_curvature_geometry_is_rejected[x2]" time="0.007" /><testcase classname="tests.test_spin_mecp_review" name="test_invalid_curvature_geometry_is_rejected[x3]" time="0.002" /><testcase classname="tests.test_spin_mecp_review" name="test_projection_scales_must_be_positive_finite[nan]" time="0.002" /><testcase classname="tests.test_spin_mecp_review" name="test_projection_scales_must_be_positive_finite[inf]" time="0.002" /><testcase classname="tests.test_spin_mecp_review" name="test_projection_scales_must_be_positive_finite[0.0]" time="0.006" /><testcase classname="tests.test_spin_mecp_review" name="test_projection_scales_must_be_positive_finite[-1.0]" time="0.002" /><testcase classname="tests.test_spin_publication" name="test_only_identified_numbered_intermediates_qualify[psi.123.97-PSIF_DFSCF_BJ]" time="0.001" /><testcase classname="tests.test_spin_publication" name="test_only_identified_numbered_intermediates_qualify[psi.123.64-PSIF_LIBDIIS]" time="0.001" /><testcase classname="tests.test_spin_publication" name="test_only_identified_numbered_intermediates_qualify[psi.123.11-None]" time="0.001" /><testcase classname="tests.test_spin_publication" name="test_only_identified_numbered_intermediates_qualify[psi4.out-None]" time="0.001" /><testcase classname="tests.test_spin_publication" name="test_only_identified_numbered_intermediates_qualify[response.json-None]" time="0.001" /><testcase classname="tests.test_spin_publication" name="test_only_identified_numbered_intermediates_qualify[psi.result.97-None]" time="0.001" /><testcase classname="tests.test_spin_publication" name="test_cache_local_retention_and_portable_native_verification" time="0.074" /><testcase classname="tests.test_spin_publication" name="test_missing_scientific_file_or_unlisted_new_file_rejected" time="0.046" /><testcase classname="tests.test_spin_publication" name="test_incomplete_physical_campaign_cannot_be_frozen" time="0.008" /><testcase classname="tests.test_spin_publication" name="test_local_verification_rejects_unindexed_new_cache" time="0.046" /><testcase classname="tests.test_steric" name="test_analytic_bite_angles[0]" time="0.002" /><testcase classname="tests.test_steric" name="test_analytic_bite_angles[30]" time="0.001" /><testcase classname="tests.test_steric" name="test_analytic_bite_angles[60]" time="0.001" /><testcase classname="tests.test_steric" name="test_analytic_bite_angles[90]" time="0.001" /><testcase classname="tests.test_steric" name="test_analytic_bite_angles[120]" time="0.001" /><testcase classname="tests.test_steric" name="test_analytic_bite_angles[180]" time="0.001" /><testcase classname="tests.test_steric" name="test_bite_angle_translation_and_rotation" time="0.002" /><testcase classname="tests.test_steric" name="test_exact_sphere_volume_and_chunk_seed_invariance" time="0.098" /><testcase classname="tests.test_steric" name="test_partial_intersection_two_unit_spheres" time="0.047" /><testcase classname="tests.test_steric" name="test_overlapping_atomic_spheres_count_union_once" time="0.024" /><testcase classname="tests.test_steric" name="test_endpoint_intervals_and_explicit_selection" time="0.004" /><testcase classname="tests.test_steric" name="test_unsupported_ligand_element_requires_override" time="0.002" /><testcase classname="tests.test_steric" name="test_xyz_path_and_array_equivalence" time="0.010" /><testcase classname="tests.test_steric" name="test_malformed_xyz_rejected[]" time="0.006" /><testcase classname="tests.test_steric" name="test_malformed_xyz_rejected[no\ncomment\n]" time="0.005" /><testcase classname="tests.test_steric" name="test_malformed_xyz_rejected[2\ncomment\nC 0 0 0\n]" time="0.006" /><testcase classname="tests.test_steric" name="test_malformed_xyz_rejected[1\ncomment\nC 0 0\n]" time="0.005" /><testcase classname="tests.test_steric" name="test_malformed_xyz_rejected[1\ncomment\nC nan 0 0\n]" time="0.009" /><testcase classname="tests.test_steric" name="test_malformed_xyz_rejected[1\ncomment\nQq 0 0 0\n]" time="0.007" /><testcase classname="tests.test_steric" name="test_malformed_xyz_rejected[1\ncomment\nC 0 0 0\n1\nsecond\nC 0 0 0\n]" time="0.007" /><testcase classname="tests.test_steric" name="test_invalid_sampling_arguments[kwargs0]" time="0.001" /><testcase classname="tests.test_steric" name="test_invalid_sampling_arguments[kwargs1]" time="0.002" /><testcase classname="tests.test_steric" name="test_invalid_sampling_arguments[kwargs2]" time="0.002" /><testcase classname="tests.test_steric" name="test_invalid_sampling_arguments[kwargs3]" time="0.002" /><testcase classname="tests.test_steric" name="test_invalid_sampling_arguments[kwargs4]" time="0.002" /><testcase classname="tests.test_steric" name="test_invalid_sampling_arguments[kwargs5]" time="0.002" /><testcase classname="tests.test_steric" name="test_invalid_sampling_arguments[kwargs6]" time="0.002" /><testcase classname="tests.test_steric" name="test_invalid_sampling_arguments[kwargs7]" time="0.002" /><testcase classname="tests.test_steric" name="test_invalid_sampling_arguments[kwargs8]" time="0.001" /><testcase classname="tests.test_steric" name="test_invalid_sampling_arguments[kwargs9]" time="0.002" /><testcase classname="tests.test_steric" name="test_invalid_sampling_arguments[kwargs10]" time="0.002" /><testcase classname="tests.test_steric" name="test_invalid_sampling_arguments[kwargs11]" time="0.002" /><testcase classname="tests.test_steric" name="test_invalid_sampling_arguments[kwargs12]" time="0.002" /><testcase classname="tests.test_steric" name="test_invalid_sampling_arguments[kwargs13]" time="0.002" /><testcase classname="tests.test_steric" name="test_invalid_sampling_arguments[kwargs14]" time="0.001" /><testcase classname="tests.test_steric" name="test_invalid_sampling_arguments[kwargs15]" time="0.002" /><testcase classname="tests.test_steric" name="test_invalid_sampling_arguments[kwargs16]" time="0.002" /><testcase classname="tests.test_steric" name="test_invalid_sampling_arguments[kwargs17]" time="0.001" /><testcase classname="tests.test_steric" name="test_invalid_geometry_and_indices" time="0.002" /><testcase classname="tests.test_thermochemistry_export" name="test_clone_prefers_local_same_hash_and_rejects_tampering" time="0.024" /><testcase classname="tests.test_thermochemistry_export" name="test_one_certificate_selected_at_base_temperature_for_entire_grid" time="0.014" /><testcase classname="tests.test_thermochemistry_export" name="test_reaction_balance_checks_charge_as_well_as_every_element" time="0.010" /><testcase classname="tests.test_thermochemistry_export" name="test_malformed_certificate_preserved_as_rejected_ledger_entry" time="0.022" /><testcase classname="tests.test_thermochemistry_export" name="test_cycle_species_cancellation_does_not_confuse_equal_formulas" time="0.010" /><testcase classname="tests.test_xtb_backend" name="test_energy_last_printed_value_and_fortran_exponent" time="0.002" /><testcase classname="tests.test_xtb_backend" name="test_missing_or_invalid_native_energy_fails[]" time="0.001" /><testcase classname="tests.test_xtb_backend" name="test_missing_or_invalid_native_energy_fails[TOTAL ENERGY NaN Eh]" time="0.001" /><testcase classname="tests.test_xtb_backend" name="test_missing_or_invalid_native_energy_fails[TOTAL ENERGY -1.0 eV]" time="0.001" /><testcase classname="tests.test_xtb_backend" name="test_gradient_force_sign_units_and_final_block" time="0.006" /><testcase classname="tests.test_xtb_backend" name="test_electron_occupations_do_not_silently_change[0-1]" time="0.002" /><testcase classname="tests.test_xtb_backend" name="test_electron_occupations_do_not_silently_change[True-0]" time="0.002" /><testcase classname="tests.test_xtb_backend" name="test_electron_occupations_do_not_silently_change[0.0-0]" time="0.002" /><testcase classname="tests.test_xtb_backend" name="test_electron_occupations_do_not_silently_change[0--1]" time="0.001" /><testcase classname="tests.test_xtb_backend" name="test_previous_native_output_is_never_replaced" time="0.008" /><testcase classname="tests.test_xtb_backend" name="test_timeout_preserves_partial_native_output" time="0.017" /><testcase classname="tests.test_xtb_backend" name="test_restart_is_explicit_and_hash_recorded" time="0.026" /></testsuite></testsuites>