<?xml version="1.0" encoding="utf-8"?><testsuites name="pytest tests"><testsuite name="pytest" errors="0" failures="0" skipped="0" tests="205" time="158.423" timestamp="2026-09-13T04:05:24.793955+08:00" hostname="LAPTOP-257FNSVV"><testcase classname="tests.test_campaign_models" name="test_eight_ode_solution_against_exact_first_order_release[Radau]" time="0.121" /><testcase classname="tests.test_campaign_models" name="test_eight_ode_solution_against_exact_first_order_release[BDF]" time="0.035" /><testcase classname="tests.test_campaign_models" name="test_eyring_molecularity_and_reversible_detailed_balance" time="0.002" /><testcase classname="tests.test_campaign_models" name="test_eyring_rejects_invalid_physical_input[-1-400-1]" time="0.001" /><testcase classname="tests.test_campaign_models" name="test_eyring_rejects_invalid_physical_input[12-0-1]" time="0.001" /><testcase classname="tests.test_campaign_models" name="test_eyring_rejects_invalid_physical_input[12-400-0]" time="0.001" /><testcase classname="tests.test_campaign_models" name="test_eyring_rejects_invalid_physical_input[nan-400-1]" time="0.001" /><testcase classname="tests.test_campaign_models" name="test_finite_time_drc_matches_analytical_sensitivity" time="0.035" /><testcase classname="tests.test_campaign_models" name="test_zero_flux_drc_is_undefined" time="0.011" /><testcase classname="tests.test_campaign_models" name="test_invalid_network_cannot_destroy_catalyst_or_fragments" time="0.001" /><testcase classname="tests.test_campaign_models" name="test_base_spectator_scales_both_forward_and_backward_fluxes" time="0.002" /><testcase classname="tests.test_campaign_models" name="test_empty_computed_campaign_is_gated_not_filled" time="0.002" /><testcase classname="tests.test_campaign_models" name="test_computed_record_rejects_test_data_even_with_matching_hash" time="0.010" /><testcase classname="tests.test_campaign_models" name="test_missing_hash_and_unaccepted_ts_are_rejected" time="0.004" /><testcase classname="tests.test_campaign_models" name="test_empty_surrogate_data_returns_insufficient_data_without_sklearn" time="0.003" /><testcase classname="tests.test_campaign_models" name="test_pareto_refuses_analytical_tof_and_inconsistent_conditions" time="0.013" /><testcase classname="tests.test_campaign_models" name="test_grouped_cv_algorithm_on_explicit_analytical_unit_cases" time="15.448" /><testcase classname="tests.test_campaign_models" name="test_loadings_are_mol_percent_relative_to_alcohol" time="0.003" /><testcase classname="tests.test_campaign_models" name="test_all_six_steps_and_two_species_shuttle_keep_composition_and_detailed_balance" time="0.009" /><testcase classname="tests.test_campaign_models" name="test_model_rates_have_zero_net_flux_at_thermodynamic_equilibrium" time="0.007" /><testcase classname="tests.test_campaign_models" name="test_computed_channel_cannot_drop_water_while_preserving_fragment_balances" time="0.006" /><testcase classname="tests.test_campaign_models" name="test_snapshot_rejects_missing_or_inconsistent_reaction_evidence[missing_step]" time="0.006" /><testcase classname="tests.test_campaign_models" name="test_snapshot_rejects_missing_or_inconsistent_reaction_evidence[mixed_solvent]" time="0.003" /><testcase classname="tests.test_campaign_models" name="test_snapshot_rejects_missing_or_inconsistent_reaction_evidence[wrong_charge]" time="0.005" /><testcase classname="tests.test_campaign_models" name="test_snapshot_rejects_missing_or_inconsistent_reaction_evidence[missing_shuttle_atom]" time="0.005" /><testcase classname="tests.test_campaign_models" name="test_base_inputs_require_explicit_path_and_shuttle_reference" time="0.007" /><testcase classname="tests.test_campaign_models" name="test_condition_grid_records_total_and_free_base_separately" time="0.497" /><testcase classname="tests.test_campaign_models" name="test_declaring_computed_model_without_snapshot_cannot_bypass_gate" time="0.006" /><testcase classname="tests.test_campaign_models" name="test_pareto_rejects_different_free_base_or_incorrect_declared_temperature" time="0.589" /><testcase classname="tests.test_campaign_models" name="test_matching_artifact_hash_does_not_replace_identity_or_solvent_review" time="0.025" /><testcase classname="tests.test_campaign_models" name="test_surrogate_rejects_an_incomplete_stoichiometric_reactant_reference" time="0.004" /><testcase classname="tests.test_campaign_models" name="test_surrogate_does_not_mix_bound_complex_and_separated_reference_labels" time="0.007" /><testcase classname="tests.test_campaign_models" name="test_drc_perturbs_forward_and_reverse_rates_by_the_same_factor" time="0.089" /><testcase classname="tests.test_campaign_resume" name="test_resume_cannot_mix_gas_and_toluene_energy_records[None-toluene]" time="0.044" /><testcase classname="tests.test_campaign_resume" name="test_resume_cannot_mix_gas_and_toluene_energy_records[toluene-None]" time="0.051" /><testcase classname="tests.test_campaign_resume" name="test_resume_requires_all_fixed_protocol_fields[method-GFN1-xTB]" time="0.003" /><testcase classname="tests.test_campaign_resume" name="test_resume_requires_all_fixed_protocol_fields[solvation_state-bar1mol]" time="0.007" /><testcase classname="tests.test_campaign_resume" name="test_resume_requires_all_fixed_protocol_fields[electronic_temperature_K-1000.0]" time="0.004" /><testcase classname="tests.test_campaign_resume" name="test_resume_requires_all_fixed_protocol_fields[method-None]" time="0.005" /><testcase classname="tests.test_campaign_resume" name="test_resume_requires_an_existing_complete_control[None]" time="0.029" /><testcase classname="tests.test_campaign_resume" name="test_resume_requires_an_existing_complete_control[{}]" time="0.032" /><testcase classname="tests.test_campaign_resume" name="test_same_protocol_resource_changes_preserve_original_deadline" time="0.081" /><testcase classname="tests.test_condensation_search" name="test_covalent_identity_requires_graph_and_carbon_nitrogen_metric" time="0.007" /><testcase classname="tests.test_condensation_search" name="test_reaction_coordinate_gradient_matches_independent_central_differences" time="0.006" /><testcase classname="tests.test_condensation_search" name="test_mode_sign_is_arbitrary_but_transverse_motion_is_rejected" time="0.006" /><testcase classname="tests.test_condensation_search" name="test_invalid_mode_cannot_be_certified[mode0]" time="0.003" /><testcase classname="tests.test_condensation_search" name="test_invalid_mode_cannot_be_certified[mode1]" time="0.004" /><testcase classname="tests.test_deploy" name="test_campaign_data_and_explicit_message_are_published" time="18.782" /><testcase classname="tests.test_deploy" name="test_failed_tests_never_stage_commit_or_push" time="12.271" /><testcase classname="tests.test_deploy" name="test_successful_gate_pushes_and_second_run_is_idempotent" time="24.832" /><testcase classname="tests.test_deploy" name="test_staged_outside_project_is_not_committed" time="9.669" /><testcase classname="tests.test_deploy" name="test_wrong_branch_stops_before_test_gate" time="3.751" /><testcase classname="tests.test_free_energy" name="test_independent_mode_equations_and_reduced_inertia" time="0.002" /><testcase classname="tests.test_free_energy" name="test_full_entropy_and_enthalpy_preserved" time="0.011" /><testcase classname="tests.test_free_energy" name="test_exact_concentration_shift_and_pressure_scaling" time="0.001" /><testcase classname="tests.test_free_energy" name="test_entropy_stability_extreme_modes_and_grimme_low_frequency_limit" time="0.001" /><testcase classname="tests.test_free_energy" name="test_invalid_inputs_fail_explicitly[kwargs0]" time="0.002" /><testcase classname="tests.test_free_energy" name="test_invalid_inputs_fail_explicitly[kwargs1]" time="0.005" /><testcase classname="tests.test_free_energy" name="test_invalid_inputs_fail_explicitly[kwargs2]" time="0.002" /><testcase classname="tests.test_free_energy" name="test_invalid_inputs_fail_explicitly[kwargs3]" time="0.002" /><testcase classname="tests.test_free_energy" name="test_invalid_inputs_fail_explicitly[kwargs4]" time="0.002" /><testcase classname="tests.test_free_energy" name="test_invalid_inputs_fail_explicitly[kwargs5]" time="0.003" /><testcase classname="tests.test_free_energy" name="test_invalid_inputs_fail_explicitly[kwargs6]" time="0.003" /><testcase classname="tests.test_free_energy" name="test_invalid_inputs_fail_explicitly[kwargs7]" time="0.003" /><testcase classname="tests.test_free_energy" name="test_invalid_inputs_fail_explicitly[kwargs8]" time="0.002" /><testcase classname="tests.test_free_energy" name="test_invalid_inputs_fail_explicitly[kwargs9]" time="0.003" /><testcase classname="tests.test_free_energy" name="test_imaginary_and_zero_modes_require_deliberate_policy" time="0.005" /><testcase classname="tests.test_free_energy" name="test_result_schema_rejects_nonfinite_data" time="0.006" /><testcase classname="tests.test_free_energy" name="test_gaussian_direct_parse" time="0.032" /><testcase classname="tests.test_free_energy" name="test_orca_reconstructs_harmonic_entropy_without_double_correction" time="0.057" /><testcase classname="tests.test_free_energy" name="test_orca_missing_entropy_components_and_unidentified_zeros_rejected" time="0.023" /><testcase classname="tests.test_free_energy" name="test_truncated_termination_and_incomplete_final_jobs[gaussian_output-.log- Normal termination of Gaussian]" time="0.026" /><testcase classname="tests.test_free_energy" name="test_truncated_termination_and_incomplete_final_jobs[orca_output-.out- ****ORCA TERMINATED NORMALLY]" time="0.023" /><testcase classname="tests.test_free_energy" name="test_gaussian_multijob_selection_never_mixes_records" time="0.029" /><testcase classname="tests.test_free_energy" name="test_temperature_mismatch_and_fortran_exponents" time="0.021" /><testcase classname="tests.test_free_energy" name="test_orca_multiple_temperature_tables_are_not_silently_combined" time="0.012" /><testcase classname="tests.test_free_energy" name="test_source_mode_filtering_is_not_silently_mixed" time="0.024" /><testcase classname="tests.test_free_energy" name="test_gaussian_printed_vibrational_entropy_checks_scaling" time="0.010" /><testcase classname="tests.test_free_energy" name="test_incomplete_preceding_job_cannot_supply_final_job_thermochemistry" time="0.017" /><testcase classname="tests.test_free_energy" name="test_gaussian_damaged_mode_tokens_are_not_skipped[******]" time="0.025" /><testcase classname="tests.test_free_energy" name="test_gaussian_damaged_mode_tokens_are_not_skipped[68.2D+]" time="0.015" /><testcase classname="tests.test_free_energy" name="test_gaussian_damaged_mode_tokens_are_not_skipped[NaN]" time="0.015" /><testcase classname="tests.test_free_energy" name="test_gaussian_damaged_mode_tokens_are_not_skipped[inf]" time="0.016" /><testcase classname="tests.test_free_energy" name="test_orca_damaged_final_mode_is_not_skipped" time="0.014" /><testcase classname="tests.test_free_energy" name="test_gaussian_empty_frequency_row_is_not_skipped" time="0.018" /><testcase classname="tests.test_generator" name="test_matrix_is_exactly_twenty_four_distinct_designs" time="0.003" /><testcase classname="tests.test_generator" name="test_all_seventy_two_have_finite_nonoverlapping_coordinates" time="33.955" /><testcase classname="tests.test_generator" name="test_state_transformations_conserve_nonhydrogen_atom_inventory" time="0.010" /><testcase classname="tests.test_generator" name="test_formal_graph_charges_and_electron_occupation_parity" time="0.130" /><testcase classname="tests.test_generator" name="test_backbones_have_explicit_n_c_o_proton_sites_and_correct_donors" time="0.013" /><testcase classname="tests.test_generator" name="test_ancillary_sets_are_explicit_and_no_energies_fabricated" time="0.071" /><testcase classname="tests.test_generator" name="test_invalid_identity_and_state_are_rejected" time="0.004" /><testcase classname="tests.test_generator" name="test_seeded_coordinates_are_reproducible" time="0.641" /><testcase classname="tests.test_generator" name="test_torsion_seed_changes_substituent_without_moving_donors" time="0.941" /><testcase classname="tests.test_neb" name="test_full_hessian_diatomic_analytic_frequency_and_force_count" time="0.025" /><testcase classname="tests.test_neb" name="test_projection_keeps_every_internal_mode_and_is_rotation_invariant" time="0.056" /><testcase classname="tests.test_neb" name="test_hessian_retains_imaginary_modes_without_absolute_value_conversion" time="0.026" /><testcase classname="tests.test_neb" name="test_full_hessian_restores_positions_after_backend_failure" time="0.002" /><testcase classname="tests.test_neb" name="test_dual_transfer_direction_and_wrong_mode_rejection" time="0.004" /><testcase classname="tests.test_neb" name="test_ase_neb_has_seven_internal_images_and_independent_calculators" time="0.033" /><testcase classname="tests.test_neb" name="test_dimer_requires_true_stationarity" time="0.054" /><testcase classname="tests.test_neb" name="test_nonbracketing_endpoints_fail_without_barrier" time="0.128" /><testcase classname="tests.test_neb" name="test_deadline_failure_is_persisted_and_never_accepted" time="0.033" /><testcase classname="tests.test_neb" name="test_endpoint_mapping_and_fresh_calculators_enforced" time="0.047" /><testcase classname="tests.test_neb" name="test_invalid_protocol_rejected[options0]" time="0.005" /><testcase classname="tests.test_neb" name="test_invalid_protocol_rejected[options1]" time="0.006" /><testcase classname="tests.test_neb" name="test_invalid_protocol_rejected[options2]" time="0.005" /><testcase classname="tests.test_neb" name="test_invalid_protocol_rejected[options3]" time="0.006" /><testcase classname="tests.test_neb" name="test_invalid_protocol_rejected[options4]" time="0.005" /><testcase classname="tests.test_neb" name="test_invalid_protocol_rejected[options5]" time="0.005" /><testcase classname="tests.test_neb" name="test_invalid_protocol_rejected[options6]" time="0.005" /><testcase classname="tests.test_neb" name="test_invalid_protocol_rejected[options7]" time="0.003" /><testcase classname="tests.test_neb" name="test_invalid_protocol_rejected[options8]" time="0.006" /><testcase classname="tests.test_neb" name="test_complete_neb_dimer_hessian_and_descent_on_manufactured_potential" time="1.712" /><testcase classname="tests.test_neb" name="test_restart_uses_saved_frames_fresh_forces_and_full_acceptance" time="1.796" /><testcase classname="tests.test_neb" name="test_restart_rejects_changed_mapping_state_and_endpoints" time="0.025" /><testcase classname="tests.test_neb" name="test_explicit_unconverged_band_guess_keeps_all_independent_saddle_gates" time="1.516" /><testcase classname="tests.test_neb" name="test_explicit_local_image_remains_distinct_from_global_band_peak" time="1.884" /><testcase classname="tests.test_neb" name="test_saved_dimer_candidate_preserves_geometry_and_all_saddle_gates" time="1.915" /><testcase classname="tests.test_neb" name="test_complete_hessian_provider_is_reprojected_and_all_saddle_gates_remain[False]" time="1.636" /><testcase classname="tests.test_neb" name="test_complete_hessian_provider_is_reprojected_and_all_saddle_gates_remain[True]" time="0.939" /><testcase classname="tests.test_neb" name="test_saved_actual_hessian_mode_initializes_dimer_and_retains_all_gates" time="1.977" /><testcase classname="tests.test_pipeline" name="test_mock_ru_pnp_complete_pipeline" time="0.168" /><testcase classname="tests.test_pipeline" name="test_analytical_oblique_bite_angle" time="0.005" /><testcase classname="tests.test_pipeline" name="test_gaussian_mock_file_to_features" time="0.022" /><testcase classname="tests.test_quantum_thermo" name="test_native_matrix_units_and_strict_shape" time="0.025" /><testcase classname="tests.test_quantum_thermo" name="test_project_unprojected_hessian_known_linear_bond" time="0.009" /><testcase classname="tests.test_quantum_thermo" name="test_nearly_linear_geometry_uses_identical_projection_and_rrho_rank" time="0.009" /><testcase classname="tests.test_quantum_thermo" name="test_full_rrho_enthalpy_identity_and_explicit_temperature_grid" time="0.056" /><testcase classname="tests.test_quantum_thermo" name="test_translational_rotational_and_electronic_entropy_against_independent_equations" time="0.010" /><testcase classname="tests.test_quantum_thermo" name="test_one_molar_free_energy_pressure_invariance_and_no_double_shift" time="0.015" /><testcase classname="tests.test_quantum_thermo" name="test_ts_imaginary_mode_removed_once_without_silent_mode_selection" time="0.016" /><testcase classname="tests.test_quantum_thermo" name="test_explicit_non_dehydrogenation_ts_window_keeps_exact_negative_count" time="0.012" /><testcase classname="tests.test_quantum_thermo" name="test_invalid_temperature_grids[temperatures0]" time="0.007" /><testcase classname="tests.test_quantum_thermo" name="test_invalid_temperature_grids[temperatures1]" time="0.011" /><testcase classname="tests.test_quantum_thermo" name="test_invalid_temperature_grids[temperatures2]" time="0.011" /><testcase classname="tests.test_quantum_thermo" name="test_invalid_temperature_grids[temperatures3]" time="0.006" /><testcase classname="tests.test_quantum_thermo" name="test_verified_minimum_source_hash_matches_referenced_spectrum" time="0.113" /><testcase classname="tests.test_quantum_thermo" name="test_changed_catalyst_identity_stops_before_hessian_or_thermochemistry" time="0.056" /><testcase classname="tests.test_quantum_thermo" name="test_small_imaginary_modes_remain_rejected_after_exact_bounded_repairs" time="0.374" /><testcase classname="tests.test_quantum_thermo" name="test_native_hessian_requires_full_unscaled_output_confirmation[0-1.0-True]" time="0.074" /><testcase classname="tests.test_quantum_thermo" name="test_native_hessian_requires_full_unscaled_output_confirmation[1-1.0-False]" time="0.054" /><testcase classname="tests.test_quantum_thermo" name="test_native_hessian_requires_full_unscaled_output_confirmation[0-0.95-False]" time="0.057" /><testcase classname="tests.test_reaction_assembly" name="test_complete_atom_mapping_and_electronic_state_are_conserved" time="13.558" /><testcase classname="tests.test_reaction_assembly" name="test_hydrogens_remain_identified_and_bracket_both_transfers" time="0.004" /><testcase classname="tests.test_reaction_assembly" name="test_alcohol_to_aldehyde_carbonyl_geometry_without_clashes" time="0.005" /><testcase classname="tests.test_reaction_assembly" name="test_protonated_reference_cannot_masquerade_as_active_endpoint" time="0.490" /><testcase classname="tests.test_reaction_assembly" name="test_ligand_carbon_hydrogen_migration_is_an_identity_failure" time="0.899" /><testcase classname="tests.test_reaction_assembly" name="test_restart_mode_selection_uses_full_matrix_and_binds_exact_geometry" time="0.054" /><testcase classname="tests.test_steric" name="test_analytic_bite_angles[0]" time="0.004" /><testcase classname="tests.test_steric" name="test_analytic_bite_angles[30]" time="0.006" /><testcase classname="tests.test_steric" name="test_analytic_bite_angles[60]" time="0.007" /><testcase classname="tests.test_steric" name="test_analytic_bite_angles[90]" time="0.008" /><testcase classname="tests.test_steric" name="test_analytic_bite_angles[120]" time="0.004" /><testcase classname="tests.test_steric" name="test_analytic_bite_angles[180]" time="0.008" /><testcase classname="tests.test_steric" name="test_bite_angle_translation_and_rotation" time="0.003" /><testcase classname="tests.test_steric" name="test_exact_sphere_volume_and_chunk_seed_invariance" time="0.185" /><testcase classname="tests.test_steric" name="test_partial_intersection_two_unit_spheres" time="0.090" /><testcase classname="tests.test_steric" name="test_overlapping_atomic_spheres_count_union_once" time="0.050" /><testcase classname="tests.test_steric" name="test_endpoint_intervals_and_explicit_selection" time="0.013" /><testcase classname="tests.test_steric" name="test_unsupported_ligand_element_requires_override" time="0.006" /><testcase classname="tests.test_steric" name="test_xyz_path_and_array_equivalence" time="0.025" /><testcase classname="tests.test_steric" name="test_malformed_xyz_rejected[]" time="0.017" /><testcase classname="tests.test_steric" name="test_malformed_xyz_rejected[no\ncomment\n]" time="0.018" /><testcase classname="tests.test_steric" name="test_malformed_xyz_rejected[2\ncomment\nC 0 0 0\n]" time="0.012" /><testcase classname="tests.test_steric" name="test_malformed_xyz_rejected[1\ncomment\nC 0 0\n]" time="0.018" /><testcase classname="tests.test_steric" name="test_malformed_xyz_rejected[1\ncomment\nC nan 0 0\n]" time="0.014" /><testcase classname="tests.test_steric" name="test_malformed_xyz_rejected[1\ncomment\nQq 0 0 0\n]" time="0.013" /><testcase classname="tests.test_steric" name="test_malformed_xyz_rejected[1\ncomment\nC 0 0 0\n1\nsecond\nC 0 0 0\n]" time="0.018" /><testcase classname="tests.test_steric" name="test_invalid_sampling_arguments[kwargs0]" time="0.006" /><testcase classname="tests.test_steric" name="test_invalid_sampling_arguments[kwargs1]" time="0.002" /><testcase classname="tests.test_steric" name="test_invalid_sampling_arguments[kwargs2]" time="0.004" /><testcase classname="tests.test_steric" name="test_invalid_sampling_arguments[kwargs3]" time="0.003" /><testcase classname="tests.test_steric" name="test_invalid_sampling_arguments[kwargs4]" time="0.005" /><testcase classname="tests.test_steric" name="test_invalid_sampling_arguments[kwargs5]" time="0.005" /><testcase classname="tests.test_steric" name="test_invalid_sampling_arguments[kwargs6]" time="0.003" /><testcase classname="tests.test_steric" name="test_invalid_sampling_arguments[kwargs7]" time="0.004" /><testcase classname="tests.test_steric" name="test_invalid_sampling_arguments[kwargs8]" time="0.003" /><testcase classname="tests.test_steric" name="test_invalid_sampling_arguments[kwargs9]" time="0.004" /><testcase classname="tests.test_steric" name="test_invalid_sampling_arguments[kwargs10]" time="0.006" /><testcase classname="tests.test_steric" name="test_invalid_sampling_arguments[kwargs11]" time="0.006" /><testcase classname="tests.test_steric" name="test_invalid_sampling_arguments[kwargs12]" time="0.007" /><testcase classname="tests.test_steric" name="test_invalid_sampling_arguments[kwargs13]" time="0.005" /><testcase classname="tests.test_steric" name="test_invalid_sampling_arguments[kwargs14]" time="0.006" /><testcase classname="tests.test_steric" name="test_invalid_sampling_arguments[kwargs15]" time="0.005" /><testcase classname="tests.test_steric" name="test_invalid_sampling_arguments[kwargs16]" time="0.003" /><testcase classname="tests.test_steric" name="test_invalid_sampling_arguments[kwargs17]" time="0.004" /><testcase classname="tests.test_steric" name="test_invalid_geometry_and_indices" time="0.008" /><testcase classname="tests.test_thermochemistry_export" name="test_clone_prefers_local_same_hash_and_rejects_tampering" time="0.044" /><testcase classname="tests.test_thermochemistry_export" name="test_one_certificate_selected_at_base_temperature_for_entire_grid" time="0.021" /><testcase classname="tests.test_thermochemistry_export" name="test_reaction_balance_checks_charge_as_well_as_every_element" time="0.014" /><testcase classname="tests.test_thermochemistry_export" name="test_malformed_certificate_preserved_as_rejected_ledger_entry" time="0.036" /><testcase classname="tests.test_thermochemistry_export" name="test_cycle_species_cancellation_does_not_confuse_equal_formulas" time="0.017" /><testcase classname="tests.test_xtb_backend" name="test_energy_last_printed_value_and_fortran_exponent" time="0.002" /><testcase classname="tests.test_xtb_backend" name="test_missing_or_invalid_native_energy_fails[]" time="0.003" /><testcase classname="tests.test_xtb_backend" name="test_missing_or_invalid_native_energy_fails[TOTAL ENERGY NaN Eh]" time="0.002" /><testcase classname="tests.test_xtb_backend" name="test_missing_or_invalid_native_energy_fails[TOTAL ENERGY -1.0 eV]" time="0.003" /><testcase classname="tests.test_xtb_backend" name="test_gradient_force_sign_units_and_final_block" time="0.020" /><testcase classname="tests.test_xtb_backend" name="test_electron_occupations_do_not_silently_change[0-1]" time="0.005" /><testcase classname="tests.test_xtb_backend" name="test_electron_occupations_do_not_silently_change[True-0]" time="0.004" /><testcase classname="tests.test_xtb_backend" name="test_electron_occupations_do_not_silently_change[0.0-0]" time="0.005" /><testcase classname="tests.test_xtb_backend" name="test_electron_occupations_do_not_silently_change[0--1]" time="0.004" /><testcase classname="tests.test_xtb_backend" name="test_previous_native_output_is_never_replaced" time="0.024" /><testcase classname="tests.test_xtb_backend" name="test_timeout_preserves_partial_native_output" time="0.055" /><testcase classname="tests.test_xtb_backend" name="test_restart_is_explicit_and_hash_recorded" time="0.059" /></testsuite></testsuites>